<?xml version="1.0"?>
<!DOCTYPE coverage SYSTEM "https://cobertura.sourceforge.net/xml/coverage-04.dtd">
<coverage 
line-rate="0.29" lines-valid="1093" lines-covered="322" branches-valid="111" branches-covered="34" branch-rate="0.31" complexity="0" version="1.0" timestamp="1762084077239">
    <sources>
        <source>--source</source>
        <source>/Users/shimonsteinitz/Projects/spark-clickhouse-connector/clickhouse-core/src/main/scala</source>
    </sources>
    <packages>
        <package name="com.clickhouse.spark" line-rate="0.44" branch-rate="0.62" complexity="0">
            <classes>
                <class 
                name="com.clickhouse.spark.Utils" filename="com/clickhouse/spark/Utils.scala" line-rate="0.45" branch-rate="0.62" complexity="0">
                    <methods>
                        <method 
                        name="com.clickhouse.spark/Utils/classpathResource" signature="()V" line-rate="0.00" branch-rate="0.00" complexity="0">
                            <lines>
                                <line number="59" hits="0" branch="false"/>
                            </lines>
</method>
                        <method 
                        name="com.clickhouse.spark/Utils/stripSingleQuote" signature="()V" line-rate="1.00" branch-rate="1.00" complexity="0">
                            <lines>
                                <line number="82" hits="1" branch="false"/>
                                <line number="83" hits="1" branch="false"/>
                                <line number="83" hits="1" branch="false"/>
                                <line number="82" hits="1" branch="false"/>
                                <line number="83" hits="1" branch="true"/>
                                <line number="84" hits="1" branch="false"/>
                                <line number="85" hits="1" branch="false"/>
                                <line number="80" hits="1" branch="false"/>
                                <line number="82" hits="1" branch="true"/>
                                <line number="83" hits="1" branch="false"/>
                                <line number="84" hits="1" branch="false"/>
                                <line number="84" hits="1" branch="true"/>
                                <line number="81" hits="1" branch="false"/>
                                <line number="83" hits="1" branch="false"/>
                                <line number="83" hits="1" branch="false"/>
                                <line number="82" hits="1" branch="true"/>
                                <line number="83" hits="1" branch="false"/>
                                <line number="83" hits="1" branch="true"/>
                                <line number="84" hits="1" branch="true"/>
                                <line number="82" hits="1" branch="false"/>
                            </lines>
</method>
                        <method 
                        name="com.clickhouse.spark/Utils/timeTakenMs" signature="()V" line-rate="0.00" branch-rate="0.00" complexity="0">
                            <lines>
                                <line number="180" hits="0" branch="false"/>
                                <line number="179" hits="0" branch="false"/>
                                <line number="180" hits="0" branch="false"/>
                                <line number="177" hits="0" branch="false"/>
                                <line number="180" hits="0" branch="false"/>
                                <line number="180" hits="0" branch="false"/>
                                <line number="180" hits="0" branch="false"/>
                                <line number="180" hits="0" branch="false"/>
                            </lines>
</method>
                        <method name="com.clickhouse.spark/Utils/retry" signature="()V" line-rate="1.00" branch-rate="1.00" complexity="0">
                            <lines>
                                <line number="106" hits="1" branch="false"/>
                                <line number="104" hits="1" branch="false"/>
                                <line number="104" hits="1" branch="false"/>
                                <line number="98" hits="1" branch="false"/>
                                <line number="103" hits="1" branch="false"/>
                                <line number="102" hits="1" branch="true"/>
                                <line number="104" hits="1" branch="false"/>
                                <line number="103" hits="1" branch="false"/>
                                <line number="99" hits="1" branch="false"/>
                                <line number="105" hits="1" branch="false"/>
                                <line number="104" hits="1" branch="false"/>
                                <line number="98" hits="1" branch="false"/>
                                <line number="107" hits="1" branch="true"/>
                                <line number="101" hits="1" branch="true"/>
                                <line number="104" hits="1" branch="false"/>
                                <line number="102" hits="1" branch="false"/>
                                <line number="105" hits="1" branch="false"/>
                                <line number="101" hits="1" branch="false"/>
                                <line number="107" hits="1" branch="false"/>
                                <line number="104" hits="1" branch="false"/>
                            </lines>
                        </method>
                        <method 
                        name="com.clickhouse.spark/Utils/wrapBackQuote" signature="()V" line-rate="1.00" branch-rate="1.00" complexity="0">
                            <lines>
                                <line number="92" hits="1" branch="true"/>
                                <line number="90" hits="1" branch="true"/>
                                <line number="90" hits="1" branch="false"/>
                                <line number="90" hits="1" branch="false"/>
                                <line number="92" hits="1" branch="true"/>
                                <line number="92" hits="1" branch="false"/>
                                <line number="92" hits="1" branch="false"/>
                                <line number="89" hits="1" branch="false"/>
                                <line number="92" hits="1" branch="false"/>
                                <line number="92" hits="1" branch="false"/>
                                <line number="92" hits="1" branch="false"/>
                                <line number="93" hits="1" branch="false"/>
                                <line number="90" hits="1" branch="true"/>
                                <line number="90" hits="1" branch="false"/>
                                <line number="89" hits="1" branch="false"/>
                                <line number="91" hits="1" branch="false"/>
                                <line number="92" hits="1" branch="false"/>
                                <line number="92" hits="1" branch="false"/>
                                <line number="90" hits="1" branch="false"/>
                            </lines>
</method>
                        <method name="com.clickhouse.spark/Utils/isTesting" signature="()V" line-rate="1.00" branch-rate="1.00" complexity="0">
                            <lines>
                                <line number="188" hits="1" branch="false"/>
                            </lines>
                        </method>
                        <method 
                        name="com.clickhouse.spark/Utils/copyFileFromClasspath" signature="()V" line-rate="0.00" branch-rate="0.00" complexity="0">
                            <lines>
                                <line number="70" hits="0" branch="false"/>
                                <line number="70" hits="0" branch="false"/>
                                <line number="72" hits="0" branch="false"/>
                                <line number="71" hits="0" branch="false"/>
                                <line number="71" hits="0" branch="false"/>
                                <line number="69" hits="0" branch="false"/>
                                <line number="74" hits="0" branch="false"/>
                            </lines>
</method>
                        <method 
                        name="com.clickhouse.spark/Utils/tryWithResource" signature="()V" line-rate="0.00" branch-rate="0.00" complexity="0">
                            <lines>
                                <line number="172" hits="0" branch="true"/>
                                <line number="171" hits="0" branch="false"/>
                                <line number="172" hits="0" branch="false"/>
                                <line number="171" hits="0" branch="true"/>
                            </lines>
</method>
                        <method 
                        name="com.clickhouse.spark/Utils/&lt;none&gt;" signature="()V" line-rate="1.00" branch-rate="1.00" complexity="0">
                            <lines>
                                <line number="184" hits="1" branch="false"/>
                                <line number="183" hits="1" branch="false"/>
                            </lines>
</method>
                        <method 
                        name="com.clickhouse.spark/Utils/setTesting" signature="()V" line-rate="0.00" branch-rate="0.00" complexity="0">
                            <lines>
                                <line number="186" hits="0" branch="false"/>
                                <line number="186" hits="0" branch="false"/>
                                <line number="186" hits="0" branch="false"/>
                                <line number="186" hits="0" branch="false"/>
                            </lines>
</method>
                        <method 
                        name="com.clickhouse.spark/Utils/bytesToString" signature="()V" line-rate="0.00" branch-rate="0.00" complexity="0">
                            <lines>
                                <line number="124" hits="0" branch="false"/>
                                <line number="121" hits="0" branch="false"/>
                                <line number="126" hits="0" branch="true"/>
                                <line number="127" hits="0" branch="true"/>
                                <line number="126" hits="0" branch="false"/>
                                <line number="124" hits="0" branch="false"/>
                                <line number="117" hits="0" branch="false"/>
                                <line number="122" hits="0" branch="false"/>
                                <line number="128" hits="0" branch="false"/>
                                <line number="128" hits="0" branch="false"/>
                                <line number="144" hits="0" branch="false"/>
                                <line number="119" hits="0" branch="false"/>
                                <line number="144" hits="0" branch="false"/>
                                <line number="118" hits="0" branch="false"/>
                                <line number="124" hits="0" branch="false"/>
                                <line number="124" hits="0" branch="false"/>
                                <line number="114" hits="0" branch="false"/>
                                <line number="144" hits="0" branch="false"/>
                                <line number="114" hits="0" branch="false"/>
                                <line number="120" hits="0" branch="false"/>
                            </lines>
</method>
                        <method name="com.clickhouse.spark/Utils/load" signature="()V" line-rate="0.00" branch-rate="0.00" complexity="0">
                            <lines>
                                <line number="77" hits="0" branch="false"/>
                                <line number="77" hits="0" branch="false"/>
                            </lines>
                        </method>
                        <method 
                        name="com.clickhouse.spark/Utils/classpathResourceAsStream" signature="()V" line-rate="0.00" branch-rate="0.00" complexity="0">
                            <lines>
                                <line number="61" hits="0" branch="false"/>
                            </lines>
</method>
                        <method 
                        name="com.clickhouse.spark/Utils/getCodeSourceLocation" signature="()V" line-rate="0.00" branch-rate="0.00" complexity="0">
                            <lines>
                                <line number="64" hits="0" branch="false"/>
                            </lines>
</method>
                        <method 
                        name="com.clickhouse.spark/Utils/msDurationToString" signature="()V" line-rate="0.00" branch-rate="0.00" complexity="0">
                            <lines>
                                <line number="163" hits="0" branch="false"/>
                                <line number="165" hits="0" branch="true"/>
                                <line number="159" hits="0" branch="false"/>
                                <line number="165" hits="0" branch="false"/>
                                <line number="165" hits="0" branch="false"/>
                                <line number="155" hits="0" branch="false"/>
                                <line number="163" hits="0" branch="false"/>
                                <line number="159" hits="0" branch="true"/>
                                <line number="154" hits="0" branch="false"/>
                                <line number="153" hits="0" branch="false"/>
                                <line number="161" hits="0" branch="false"/>
                                <line number="152" hits="0" branch="false"/>
                                <line number="161" hits="0" branch="true"/>
                                <line number="162" hits="0" branch="false"/>
                                <line number="161" hits="0" branch="false"/>
                                <line number="160" hits="0" branch="false"/>
                                <line number="163" hits="0" branch="true"/>
                                <line number="161" hits="0" branch="false"/>
                                <line number="165" hits="0" branch="false"/>
                                <line number="163" hits="0" branch="false"/>
                                <line number="158" hits="0" branch="false"/>
                            </lines>
</method>
                        <method 
                        name="com.clickhouse.spark/Utils/defaultClassLoader" signature="()V" line-rate="0.00" branch-rate="0.00" complexity="0">
                            <lines>
                                <line number="55" hits="0" branch="false"/>
                                <line number="54" hits="0" branch="false"/>
                                <line number="57" hits="0" branch="false"/>
                                <line number="56" hits="0" branch="false"/>
                                <line number="55" hits="0" branch="false"/>
                                <line number="56" hits="0" branch="false"/>
                            </lines>
</method>
                    </methods>
                    <lines>
                        <line number="70" hits="0" branch="false"/>
                        <line number="106" hits="1" branch="false"/>
                        <line number="104" hits="1" branch="false"/>
                        <line number="163" hits="0" branch="false"/>
                        <line number="180" hits="0" branch="false"/>
                        <line number="104" hits="1" branch="false"/>
                        <line number="165" hits="0" branch="true"/>
                        <line number="77" hits="0" branch="false"/>
                        <line number="159" hits="0" branch="false"/>
                        <line number="124" hits="0" branch="false"/>
                        <line number="82" hits="1" branch="false"/>
                        <line number="172" hits="0" branch="true"/>
                        <line number="98" hits="1" branch="false"/>
                        <line number="165" hits="0" branch="false"/>
                        <line number="186" hits="0" branch="false"/>
                        <line number="121" hits="0" branch="false"/>
                        <line number="83" hits="1" branch="false"/>
                        <line number="70" hits="0" branch="false"/>
                        <line number="103" hits="1" branch="false"/>
                        <line number="92" hits="1" branch="true"/>
                        <line number="165" hits="0" branch="false"/>
                        <line number="126" hits="0" branch="true"/>
                        <line number="90" hits="1" branch="true"/>
                        <line number="179" hits="0" branch="false"/>
                        <line number="127" hits="0" branch="true"/>
                        <line number="83" hits="1" branch="false"/>
                        <line number="126" hits="0" branch="false"/>
                        <line number="90" hits="1" branch="false"/>
                        <line number="55" hits="0" branch="false"/>
                        <line number="54" hits="0" branch="false"/>
                        <line number="155" hits="0" branch="false"/>
                        <line number="90" hits="1" branch="false"/>
                        <line number="72" hits="0" branch="false"/>
                        <line number="82" hits="1" branch="false"/>
                        <line number="59" hits="0" branch="false"/>
                        <line number="61" hits="0" branch="false"/>
                        <line number="102" hits="1" branch="true"/>
                        <line number="104" hits="1" branch="false"/>
                        <line number="92" hits="1" branch="true"/>
                        <line number="180" hits="0" branch="false"/>
                        <line number="124" hits="0" branch="false"/>
                        <line number="103" hits="1" branch="false"/>
                        <line number="64" hits="0" branch="false"/>
                        <line number="92" hits="1" branch="false"/>
                        <line number="83" hits="1" branch="true"/>
                        <line number="163" hits="0" branch="false"/>
                        <line number="84" hits="1" branch="false"/>
                        <line number="99" hits="1" branch="false"/>
                        <line number="105" hits="1" branch="false"/>
                        <line number="117" hits="0" branch="false"/>
                        <line number="92" hits="1" branch="false"/>
                        <line number="71" hits="0" branch="false"/>
                        <line number="186" hits="0" branch="false"/>
                        <line number="104" hits="1" branch="false"/>
                        <line number="57" hits="0" branch="false"/>
                        <line number="85" hits="1" branch="false"/>
                        <line number="159" hits="0" branch="true"/>
                        <line number="89" hits="1" branch="false"/>
                        <line number="92" hits="1" branch="false"/>
                        <line number="92" hits="1" branch="false"/>
                        <line number="177" hits="0" branch="false"/>
                        <line number="154" hits="0" branch="false"/>
                        <line number="153" hits="0" branch="false"/>
                        <line number="122" hits="0" branch="false"/>
                        <line number="92" hits="1" branch="false"/>
                        <line number="77" hits="0" branch="false"/>
                        <line number="80" hits="1" branch="false"/>
                        <line number="82" hits="1" branch="true"/>
                        <line number="83" hits="1" branch="false"/>
                        <line number="180" hits="0" branch="false"/>
                        <line number="84" hits="1" branch="false"/>
                        <line number="98" hits="1" branch="false"/>
                        <line number="171" hits="0" branch="false"/>
                        <line number="107" hits="1" branch="true"/>
                        <line number="84" hits="1" branch="true"/>
                        <line number="71" hits="0" branch="false"/>
                        <line number="161" hits="0" branch="false"/>
                        <line number="172" hits="0" branch="false"/>
                        <line number="184" hits="1" branch="false"/>
                        <line number="69" hits="0" branch="false"/>
                        <line number="152" hits="0" branch="false"/>
                        <line number="81" hits="1" branch="false"/>
                        <line number="93" hits="1" branch="false"/>
                        <line number="101" hits="1" branch="true"/>
                        <line number="74" hits="0" branch="false"/>
                        <line number="186" hits="0" branch="false"/>
                        <line number="104" hits="1" branch="false"/>
                        <line number="56" hits="0" branch="false"/>
                        <line number="128" hits="0" branch="false"/>
                        <line number="102" hits="1" branch="false"/>
                        <line number="90" hits="1" branch="true"/>
                        <line number="128" hits="0" branch="false"/>
                        <line number="144" hits="0" branch="false"/>
                        <line number="105" hits="1" branch="false"/>
                        <line number="161" hits="0" branch="true"/>
                        <line number="119" hits="0" branch="false"/>
                        <line number="83" hits="1" branch="false"/>
                        <line number="144" hits="0" branch="false"/>
                        <line number="162" hits="0" branch="false"/>
                        <line number="183" hits="1" branch="false"/>
                        <line number="118" hits="0" branch="false"/>
                        <line number="90" hits="1" branch="false"/>
                        <line number="171" hits="0" branch="true"/>
                        <line number="161" hits="0" branch="false"/>
                        <line number="55" hits="0" branch="false"/>
                        <line number="180" hits="0" branch="false"/>
                        <line number="180" hits="0" branch="false"/>
                        <line number="124" hits="0" branch="false"/>
                        <line number="83" hits="1" branch="false"/>
                        <line number="188" hits="1" branch="false"/>
                        <line number="160" hits="0" branch="false"/>
                        <line number="124" hits="0" branch="false"/>
                        <line number="82" hits="1" branch="true"/>
                        <line number="186" hits="0" branch="false"/>
                        <line number="101" hits="1" branch="false"/>
                        <line number="114" hits="0" branch="false"/>
                        <line number="83" hits="1" branch="false"/>
                        <line number="144" hits="0" branch="false"/>
                        <line number="107" hits="1" branch="false"/>
                        <line number="163" hits="0" branch="true"/>
                        <line number="114" hits="0" branch="false"/>
                        <line number="104" hits="1" branch="false"/>
                        <line number="161" hits="0" branch="false"/>
                        <line number="165" hits="0" branch="false"/>
                        <line number="89" hits="1" branch="false"/>
                        <line number="120" hits="0" branch="false"/>
                        <line number="83" hits="1" branch="true"/>
                        <line number="56" hits="0" branch="false"/>
                        <line number="91" hits="1" branch="false"/>
                        <line number="84" hits="1" branch="true"/>
                        <line number="82" hits="1" branch="false"/>
                        <line number="92" hits="1" branch="false"/>
                        <line number="92" hits="1" branch="false"/>
                        <line number="90" hits="1" branch="false"/>
                        <line number="180" hits="0" branch="false"/>
                        <line number="163" hits="0" branch="false"/>
                        <line number="158" hits="0" branch="false"/>
                    </lines>
</class>
                <class 
                name="com.clickhouse.spark.JsonProtocol" filename="com/clickhouse/spark/JsonProtocol.scala" line-rate="0.00" branch-rate="0.00" complexity="0">
                    <methods>
                        <method 
                        name="com.clickhouse.spark/JsonProtocol/toJson" signature="()V" line-rate="0.00" branch-rate="0.00" complexity="0">
                            <lines>
                                <line number="42" hits="0" branch="false"/>
                            </lines>
</method>
                        <method 
                        name="com.clickhouse.spark/JsonProtocol/toPrettyJson" signature="()V" line-rate="0.00" branch-rate="0.00" complexity="0">
                            <lines>
                                <line number="44" hits="0" branch="false"/>
                            </lines>
</method>
                    </methods>
                    <lines>
                        <line number="42" hits="0" branch="false"/>
                        <line number="44" hits="0" branch="false"/>
                    </lines>
</class>
                <class 
                name="com.clickhouse.spark.ToJson" filename="com/clickhouse/spark/JsonProtocol.scala" line-rate="0.00" branch-rate="0.00" complexity="0">
                    <methods>
                        <method name="com.clickhouse.spark/ToJson/toString" signature="()V" line-rate="0.00" branch-rate="0.00" complexity="0">
                            <lines>
                                <line number="24" hits="0" branch="false"/>
                            </lines>
                        </method>
                        <method name="com.clickhouse.spark/ToJson/toJson" signature="()V" line-rate="0.00" branch-rate="0.00" complexity="0">
                            <lines>
                                <line number="22" hits="0" branch="false"/>
                            </lines>
                        </method>
                    </methods>
                    <lines>
                        <line number="24" hits="0" branch="false"/>
                        <line number="22" hits="0" branch="false"/>
                    </lines>
</class>
                <class 
                name="com.clickhouse.spark.Logging" filename="com/clickhouse/spark/Logging.scala" line-rate="1.00" branch-rate="1.00" complexity="0">
                    <methods>
                        <method name="com.clickhouse.spark/Logging/logName" signature="()V" line-rate="1.00" branch-rate="1.00" complexity="0">
                            <lines>
                                <line number="23" hits="1" branch="false"/>
                            </lines>
                        </method>
                    </methods>
                    <lines>
                        <line number="23" hits="1" branch="false"/>
                    </lines>
</class>
            </classes>
        </package>
        <package name="com.clickhouse.spark.client" line-rate="0.00" branch-rate="0.00" complexity="0">
            <classes>
                <class 
                name="com.clickhouse.spark.client.NodeClient" filename="com/clickhouse/spark/client/NodeClient.scala" line-rate="0.00" branch-rate="0.00" complexity="0">
                    <methods>
                        <method 
                        name="com.clickhouse.spark.client/NodeClient/syncQueryAndCheck" signature="()V" line-rate="0.00" branch-rate="0.00" complexity="0">
                            <lines>
                                <line number="181" hits="0" branch="false"/>
                                <line number="182" hits="0" branch="false"/>
                                <line number="183" hits="0" branch="true"/>
                                <line number="182" hits="0" branch="true"/>
                            </lines>
</method>
                        <method 
                        name="com.clickhouse.spark.client/NodeClient/queryAndCheck" signature="()V" line-rate="0.00" branch-rate="0.00" complexity="0">
                            <lines>
                                <line number="202" hits="0" branch="false"/>
                                <line number="196" hits="0" branch="false"/>
                                <line number="207" hits="0" branch="false"/>
                                <line number="202" hits="0" branch="false"/>
                                <line number="204" hits="0" branch="false"/>
                                <line number="202" hits="0" branch="false"/>
                                <line number="197" hits="0" branch="false"/>
                                <line number="202" hits="0" branch="false"/>
                                <line number="207" hits="0" branch="true"/>
                                <line number="203" hits="0" branch="false"/>
                                <line number="204" hits="0" branch="false"/>
                                <line number="208" hits="0" branch="true"/>
                                <line number="208" hits="0" branch="false"/>
                                <line number="198" hits="0" branch="false"/>
                                <line number="203" hits="0" branch="true"/>
                                <line number="201" hits="0" branch="false"/>
                                <line number="205" hits="0" branch="true"/>
                                <line number="203" hits="0" branch="false"/>
                            </lines>
</method>
                        <method 
                        name="com.clickhouse.spark.client/NodeClient/&lt;none&gt;" signature="()V" line-rate="0.00" branch-rate="0.00" complexity="0">
                            <lines>
                                <line number="77" hits="0" branch="false"/>
                                <line number="68" hits="0" branch="false"/>
                                <line number="43" hits="0" branch="false"/>
                            </lines>
</method>
                        <method 
                        name="com.clickhouse.spark.client/NodeClient/nextQueryId" signature="()V" line-rate="0.00" branch-rate="0.00" complexity="0">
                            <lines>
                                <line number="81" hits="0" branch="false"/>
                            </lines>
</method>
                        <method 
                        name="com.clickhouse.spark.client/NodeClient/close" signature="()V" line-rate="0.00" branch-rate="0.00" complexity="0">
                            <lines>
                                <line number="79" hits="0" branch="false"/>
                            </lines>
</method>
                        <method 
                        name="com.clickhouse.spark.client/NodeClient/syncQueryAndCheckOutputJSONEachRow" signature="()V" line-rate="0.00" branch-rate="0.00" complexity="0">
                            <lines>
                                <line number="97" hits="0" branch="false"/>
                                <line number="97" hits="0" branch="false"/>
                                <line number="97" hits="0" branch="false"/>
                            </lines>
</method>
                        <method 
                        name="com.clickhouse.spark.client/NodeClient/syncQueryAndCheckOutputJSONCompactEachRowWithNamesAndTypes" signature="()V" line-rate="0.00" branch-rate="0.00" complexity="0">
                            <lines>
                                <line number="124" hits="0" branch="false"/>
                                <line number="125" hits="0" branch="false"/>
                                <line number="127" hits="0" branch="false"/>
                            </lines>
</method>
                        <method 
                        name="com.clickhouse.spark.client/NodeClient/onExecuteQuery" signature="()V" line-rate="0.00" branch-rate="0.00" complexity="0">
                            <lines>
                                <line number="216" hits="0" branch="false"/>
                                <line number="219" hits="0" branch="false"/>
                                <line number="217" hits="0" branch="false"/>
                            </lines>
</method>
                        <method 
                        name="com.clickhouse.spark.client/NodeClient/ping" signature="()V" line-rate="0.00" branch-rate="0.00" complexity="0">
                            <lines>
                                <line number="222" hits="0" branch="false"/>
                                <line number="222" hits="0" branch="false"/>
                            </lines>
</method>
                        <method 
                        name="com.clickhouse.spark.client/NodeClient/syncQuery" signature="()V" line-rate="0.00" branch-rate="0.00" complexity="0">
                            <lines>
                                <line number="167" hits="0" branch="false"/>
                                <line number="171" hits="0" branch="true"/>
                                <line number="169" hits="0" branch="false"/>
                                <line number="171" hits="0" branch="false"/>
                                <line number="169" hits="0" branch="true"/>
                                <line number="172" hits="0" branch="true"/>
                                <line number="165" hits="0" branch="false"/>
                                <line number="171" hits="0" branch="false"/>
                                <line number="172" hits="0" branch="false"/>
                                <line number="171" hits="0" branch="false"/>
                                <line number="166" hits="0" branch="false"/>
                                <line number="167" hits="0" branch="true"/>
                                <line number="172" hits="0" branch="false"/>
                                <line number="172" hits="0" branch="false"/>
                                <line number="171" hits="0" branch="false"/>
                                <line number="166" hits="0" branch="false"/>
                                <line number="169" hits="0" branch="false"/>
                                <line number="172" hits="0" branch="false"/>
                                <line number="168" hits="0" branch="false"/>
                                <line number="172" hits="0" branch="false"/>
                                <line number="162" hits="0" branch="false"/>
                                <line number="166" hits="0" branch="false"/>
                                <line number="171" hits="0" branch="false"/>
                                <line number="171" hits="0" branch="false"/>
                                <line number="168" hits="0" branch="false"/>
                                <line number="171" hits="0" branch="false"/>
                                <line number="161" hits="0" branch="false"/>
                                <line number="167" hits="0" branch="false"/>
                                <line number="172" hits="0" branch="false"/>
                                <line number="169" hits="0" branch="false"/>
                                <line number="166" hits="0" branch="false"/>
                                <line number="163" hits="0" branch="false"/>
                            </lines>
</method>
                        <method 
                        name="com.clickhouse.spark.client/NodeClient/syncInsertOutputJSONEachRow" signature="()V" line-rate="0.00" branch-rate="0.00" complexity="0">
                            <lines>
                                <line number="114" hits="0" branch="false"/>
                                <line number="107" hits="0" branch="false"/>
                                <line number="113" hits="0" branch="false"/>
                            </lines>
</method>
                        <method 
                        name="com.clickhouse.spark.client/NodeClient/syncInsert" signature="()V" line-rate="0.00" branch-rate="0.00" complexity="0">
                            <lines>
                                <line number="146" hits="0" branch="false"/>
                                <line number="139" hits="0" branch="false"/>
                                <line number="142" hits="0" branch="false"/>
                                <line number="150" hits="0" branch="false"/>
                                <line number="148" hits="0" branch="true"/>
                                <line number="150" hits="0" branch="false"/>
                                <line number="147" hits="0" branch="false"/>
                                <line number="140" hits="0" branch="false"/>
                                <line number="150" hits="0" branch="true"/>
                                <line number="150" hits="0" branch="false"/>
                                <line number="151" hits="0" branch="true"/>
                                <line number="141" hits="0" branch="false"/>
                                <line number="146" hits="0" branch="false"/>
                                <line number="145" hits="0" branch="false"/>
                                <line number="151" hits="0" branch="false"/>
                                <line number="146" hits="0" branch="true"/>
                                <line number="151" hits="0" branch="false"/>
                                <line number="148" hits="0" branch="false"/>
                                <line number="150" hits="0" branch="false"/>
                                <line number="148" hits="0" branch="false"/>
                                <line number="150" hits="0" branch="false"/>
                                <line number="151" hits="0" branch="false"/>
                                <line number="147" hits="0" branch="false"/>
                                <line number="150" hits="0" branch="false"/>
                                <line number="151" hits="0" branch="false"/>
                                <line number="145" hits="0" branch="false"/>
                                <line number="150" hits="0" branch="false"/>
                                <line number="148" hits="0" branch="false"/>
                                <line number="151" hits="0" branch="false"/>
                                <line number="151" hits="0" branch="false"/>
                            </lines>
</method>
                        <method 
                        name="com.clickhouse.spark.client/NodeClient/apply" signature="()V" line-rate="0.00" branch-rate="0.00" complexity="0">
                            <lines>
                                <line number="38" hits="0" branch="false"/>
                            </lines>
</method>
                        <method 
                        name="com.clickhouse.spark.client/NodeClient/syncQueryOutputJSONEachRow" signature="()V" line-rate="0.00" branch-rate="0.00" complexity="0">
                            <lines>
                                <line number="91" hits="0" branch="false"/>
                                <line number="91" hits="0" branch="false"/>
                                <line number="91" hits="0" branch="false"/>
                            </lines>
</method>
                    </methods>
                    <lines>
                        <line number="91" hits="0" branch="false"/>
                        <line number="146" hits="0" branch="false"/>
                        <line number="167" hits="0" branch="false"/>
                        <line number="171" hits="0" branch="true"/>
                        <line number="139" hits="0" branch="false"/>
                        <line number="142" hits="0" branch="false"/>
                        <line number="91" hits="0" branch="false"/>
                        <line number="91" hits="0" branch="false"/>
                        <line number="181" hits="0" branch="false"/>
                        <line number="169" hits="0" branch="false"/>
                        <line number="171" hits="0" branch="false"/>
                        <line number="114" hits="0" branch="false"/>
                        <line number="202" hits="0" branch="false"/>
                        <line number="182" hits="0" branch="false"/>
                        <line number="196" hits="0" branch="false"/>
                        <line number="207" hits="0" branch="false"/>
                        <line number="150" hits="0" branch="false"/>
                        <line number="202" hits="0" branch="false"/>
                        <line number="124" hits="0" branch="false"/>
                        <line number="169" hits="0" branch="true"/>
                        <line number="148" hits="0" branch="true"/>
                        <line number="172" hits="0" branch="true"/>
                        <line number="204" hits="0" branch="false"/>
                        <line number="165" hits="0" branch="false"/>
                        <line number="216" hits="0" branch="false"/>
                        <line number="81" hits="0" branch="false"/>
                        <line number="202" hits="0" branch="false"/>
                        <line number="171" hits="0" branch="false"/>
                        <line number="150" hits="0" branch="false"/>
                        <line number="147" hits="0" branch="false"/>
                        <line number="183" hits="0" branch="true"/>
                        <line number="140" hits="0" branch="false"/>
                        <line number="97" hits="0" branch="false"/>
                        <line number="150" hits="0" branch="true"/>
                        <line number="197" hits="0" branch="false"/>
                        <line number="150" hits="0" branch="false"/>
                        <line number="151" hits="0" branch="true"/>
                        <line number="141" hits="0" branch="false"/>
                        <line number="202" hits="0" branch="false"/>
                        <line number="207" hits="0" branch="true"/>
                        <line number="79" hits="0" branch="false"/>
                        <line number="219" hits="0" branch="false"/>
                        <line number="146" hits="0" branch="false"/>
                        <line number="145" hits="0" branch="false"/>
                        <line number="172" hits="0" branch="false"/>
                        <line number="77" hits="0" branch="false"/>
                        <line number="171" hits="0" branch="false"/>
                        <line number="125" hits="0" branch="false"/>
                        <line number="151" hits="0" branch="false"/>
                        <line number="146" hits="0" branch="true"/>
                        <line number="68" hits="0" branch="false"/>
                        <line number="166" hits="0" branch="false"/>
                        <line number="38" hits="0" branch="false"/>
                        <line number="167" hits="0" branch="true"/>
                        <line number="127" hits="0" branch="false"/>
                        <line number="203" hits="0" branch="false"/>
                        <line number="217" hits="0" branch="false"/>
                        <line number="172" hits="0" branch="false"/>
                        <line number="151" hits="0" branch="false"/>
                        <line number="148" hits="0" branch="false"/>
                        <line number="150" hits="0" branch="false"/>
                        <line number="182" hits="0" branch="true"/>
                        <line number="107" hits="0" branch="false"/>
                        <line number="172" hits="0" branch="false"/>
                        <line number="204" hits="0" branch="false"/>
                        <line number="171" hits="0" branch="false"/>
                        <line number="113" hits="0" branch="false"/>
                        <line number="208" hits="0" branch="true"/>
                        <line number="148" hits="0" branch="false"/>
                        <line number="166" hits="0" branch="false"/>
                        <line number="43" hits="0" branch="false"/>
                        <line number="150" hits="0" branch="false"/>
                        <line number="151" hits="0" branch="false"/>
                        <line number="97" hits="0" branch="false"/>
                        <line number="169" hits="0" branch="false"/>
                        <line number="172" hits="0" branch="false"/>
                        <line number="222" hits="0" branch="false"/>
                        <line number="147" hits="0" branch="false"/>
                        <line number="168" hits="0" branch="false"/>
                        <line number="97" hits="0" branch="false"/>
                        <line number="172" hits="0" branch="false"/>
                        <line number="162" hits="0" branch="false"/>
                        <line number="166" hits="0" branch="false"/>
                        <line number="171" hits="0" branch="false"/>
                        <line number="171" hits="0" branch="false"/>
                        <line number="168" hits="0" branch="false"/>
                        <line number="171" hits="0" branch="false"/>
                        <line number="150" hits="0" branch="false"/>
                        <line number="161" hits="0" branch="false"/>
                        <line number="208" hits="0" branch="false"/>
                        <line number="167" hits="0" branch="false"/>
                        <line number="198" hits="0" branch="false"/>
                        <line number="151" hits="0" branch="false"/>
                        <line number="145" hits="0" branch="false"/>
                        <line number="172" hits="0" branch="false"/>
                        <line number="150" hits="0" branch="false"/>
                        <line number="148" hits="0" branch="false"/>
                        <line number="169" hits="0" branch="false"/>
                        <line number="151" hits="0" branch="false"/>
                        <line number="203" hits="0" branch="true"/>
                        <line number="151" hits="0" branch="false"/>
                        <line number="166" hits="0" branch="false"/>
                        <line number="163" hits="0" branch="false"/>
                        <line number="222" hits="0" branch="false"/>
                        <line number="201" hits="0" branch="false"/>
                        <line number="205" hits="0" branch="true"/>
                        <line number="203" hits="0" branch="false"/>
                    </lines>
</class>
                <class 
                name="com.clickhouse.spark.client.ClusterClient" filename="com/clickhouse/spark/client/ClusterClient.scala" line-rate="0.00" branch-rate="0.00" complexity="0">
                    <methods>
                        <method 
                        name="com.clickhouse.spark.client/ClusterClient/apply" signature="()V" line-rate="0.00" branch-rate="0.00" complexity="0">
                            <lines>
                                <line number="26" hits="0" branch="false"/>
                            </lines>
</method>
                        <method 
                        name="com.clickhouse.spark.client/ClusterClient/node" signature="()V" line-rate="0.00" branch-rate="0.00" complexity="0">
                            <lines>
                                <line number="52" hits="0" branch="false"/>
                                <line number="53" hits="0" branch="false"/>
                                <line number="34" hits="0" branch="false"/>
                                <line number="53" hits="0" branch="false"/>
                                <line number="54" hits="0" branch="false"/>
                                <line number="52" hits="0" branch="false"/>
                                <line number="51" hits="0" branch="true"/>
                                <line number="53" hits="0" branch="false"/>
                                <line number="56" hits="0" branch="false"/>
                                <line number="50" hits="0" branch="false"/>
                                <line number="34" hits="0" branch="false"/>
                                <line number="55" hits="0" branch="false"/>
                                <line number="52" hits="0" branch="false"/>
                                <line number="55" hits="0" branch="false"/>
                                <line number="49" hits="0" branch="false"/>
                            </lines>
</method>
                        <method 
                        name="com.clickhouse.spark.client/ClusterClient/close" signature="()V" line-rate="0.00" branch-rate="0.00" complexity="0">
                            <lines>
                                <line number="61" hits="0" branch="false"/>
                                <line number="61" hits="0" branch="false"/>
                            </lines>
</method>
                    </methods>
                    <lines>
                        <line number="26" hits="0" branch="false"/>
                        <line number="52" hits="0" branch="false"/>
                        <line number="53" hits="0" branch="false"/>
                        <line number="34" hits="0" branch="false"/>
                        <line number="53" hits="0" branch="false"/>
                        <line number="54" hits="0" branch="false"/>
                        <line number="52" hits="0" branch="false"/>
                        <line number="51" hits="0" branch="true"/>
                        <line number="61" hits="0" branch="false"/>
                        <line number="53" hits="0" branch="false"/>
                        <line number="61" hits="0" branch="false"/>
                        <line number="56" hits="0" branch="false"/>
                        <line number="50" hits="0" branch="false"/>
                        <line number="34" hits="0" branch="false"/>
                        <line number="55" hits="0" branch="false"/>
                        <line number="52" hits="0" branch="false"/>
                        <line number="55" hits="0" branch="false"/>
                        <line number="49" hits="0" branch="false"/>
                    </lines>
</class>
                <class 
                name="com.clickhouse.spark.client.NodesClient" filename="com/clickhouse/spark/client/NodesClient.scala" line-rate="0.00" branch-rate="0.00" complexity="0">
                    <methods>
                        <method 
                        name="com.clickhouse.spark.client/NodesClient/node" signature="()V" line-rate="0.00" branch-rate="0.00" complexity="0">
                            <lines>
                                <line number="40" hits="0" branch="false"/>
                                <line number="35" hits="0" branch="false"/>
                                <line number="39" hits="0" branch="false"/>
                                <line number="35" hits="0" branch="false"/>
                                <line number="35" hits="0" branch="false"/>
                                <line number="35" hits="0" branch="false"/>
                                <line number="39" hits="0" branch="false"/>
                                <line number="36" hits="0" branch="false"/>
                            </lines>
</method>
                        <method 
                        name="com.clickhouse.spark.client/NodesClient/apply" signature="()V" line-rate="0.00" branch-rate="0.00" complexity="0">
                            <lines>
                                <line number="25" hits="0" branch="false"/>
                            </lines>
</method>
                        <method 
                        name="com.clickhouse.spark.client/NodesClient/&lt;none&gt;" signature="()V" line-rate="0.00" branch-rate="0.00" complexity="0">
                            <lines>
                                <line number="29" hits="0" branch="false"/>
                                <line number="29" hits="0" branch="false"/>
                                <line number="29" hits="0" branch="false"/>
                            </lines>
</method>
                        <method 
                        name="com.clickhouse.spark.client/NodesClient/close" signature="()V" line-rate="0.00" branch-rate="0.00" complexity="0">
                            <lines>
                                <line number="45" hits="0" branch="false"/>
                                <line number="45" hits="0" branch="false"/>
                            </lines>
</method>
                    </methods>
                    <lines>
                        <line number="40" hits="0" branch="false"/>
                        <line number="35" hits="0" branch="false"/>
                        <line number="25" hits="0" branch="false"/>
                        <line number="29" hits="0" branch="false"/>
                        <line number="39" hits="0" branch="false"/>
                        <line number="35" hits="0" branch="false"/>
                        <line number="29" hits="0" branch="false"/>
                        <line number="35" hits="0" branch="false"/>
                        <line number="35" hits="0" branch="false"/>
                        <line number="45" hits="0" branch="false"/>
                        <line number="39" hits="0" branch="false"/>
                        <line number="45" hits="0" branch="false"/>
                        <line number="29" hits="0" branch="false"/>
                        <line number="36" hits="0" branch="false"/>
                    </lines>
</class>
            </classes>
        </package>
        <package name="com.clickhouse.spark.expr" line-rate="0.00" branch-rate="0.00" complexity="0">
            <classes>
                <class 
                name="com.clickhouse.spark.expr.Expr" filename="com/clickhouse/spark/expr/Expressions.scala" line-rate="0.00" branch-rate="0.00" complexity="0">
                    <methods>
                        <method name="com.clickhouse.spark.expr/Expr/desc" signature="()V" line-rate="0.00" branch-rate="0.00" complexity="0">
                            <lines>
                                <line number="20" hits="0" branch="false"/>
                                <line number="20" hits="0" branch="false"/>
                                <line number="20" hits="0" branch="false"/>
                                <line number="20" hits="0" branch="false"/>
                                <line number="20" hits="0" branch="false"/>
                                <line number="20" hits="0" branch="false"/>
                            </lines>
                        </method>
                        <method 
                        name="com.clickhouse.spark.expr/Expr/sparkSql" signature="()V" line-rate="0.00" branch-rate="0.00" complexity="0">
                            <lines>
                                <line number="19" hits="0" branch="false"/>
                            </lines>
</method>
                        <method 
                        name="com.clickhouse.spark.expr/Expr/toString" signature="()V" line-rate="0.00" branch-rate="0.00" complexity="0">
                            <lines>
                                <line number="21" hits="0" branch="false"/>
                            </lines>
</method>
                    </methods>
                    <lines>
                        <line number="20" hits="0" branch="false"/>
                        <line number="20" hits="0" branch="false"/>
                        <line number="20" hits="0" branch="false"/>
                        <line number="20" hits="0" branch="false"/>
                        <line number="19" hits="0" branch="false"/>
                        <line number="21" hits="0" branch="false"/>
                        <line number="20" hits="0" branch="false"/>
                        <line number="20" hits="0" branch="false"/>
                    </lines>
</class>
                <class 
                name="com.clickhouse.spark.expr.FuncExpr" filename="com/clickhouse/spark/expr/Expressions.scala" line-rate="0.00" branch-rate="0.00" complexity="0">
                    <methods>
                        <method 
                        name="com.clickhouse.spark.expr/FuncExpr/sql" signature="()V" line-rate="0.00" branch-rate="0.00" complexity="0">
                            <lines>
                                <line number="37" hits="0" branch="false"/>
                                <line number="37" hits="0" branch="false"/>
                                <line number="37" hits="0" branch="false"/>
                                <line number="37" hits="0" branch="false"/>
                                <line number="37" hits="0" branch="false"/>
                                <line number="37" hits="0" branch="false"/>
                            </lines>
</method>
                    </methods>
                    <lines>
                        <line number="37" hits="0" branch="false"/>
                        <line number="37" hits="0" branch="false"/>
                        <line number="37" hits="0" branch="false"/>
                        <line number="37" hits="0" branch="false"/>
                        <line number="37" hits="0" branch="false"/>
                        <line number="37" hits="0" branch="false"/>
                    </lines>
</class>
                <class 
                name="com.clickhouse.spark.expr.StringLiteral" filename="com/clickhouse/spark/expr/Expressions.scala" line-rate="0.00" branch-rate="0.00" complexity="0">
                    <methods>
                        <method 
                        name="com.clickhouse.spark.expr/StringLiteral/sql" signature="()V" line-rate="0.00" branch-rate="0.00" complexity="0">
                            <lines>
                                <line number="25" hits="0" branch="false"/>
                                <line number="25" hits="0" branch="false"/>
                                <line number="25" hits="0" branch="false"/>
                                <line number="25" hits="0" branch="false"/>
                            </lines>
</method>
                    </methods>
                    <lines>
                        <line number="25" hits="0" branch="false"/>
                        <line number="25" hits="0" branch="false"/>
                        <line number="25" hits="0" branch="false"/>
                        <line number="25" hits="0" branch="false"/>
                    </lines>
</class>
                <class 
                name="com.clickhouse.spark.expr.SQLExpr" filename="com/clickhouse/spark/expr/Expressions.scala" line-rate="0.00" branch-rate="0.00" complexity="0">
                    <methods>
                        <method 
                        name="com.clickhouse.spark.expr/SQLExpr/sql" signature="()V" line-rate="0.00" branch-rate="0.00" complexity="0">
                            <lines>
                                <line number="33" hits="0" branch="false"/>
                            </lines>
</method>
                    </methods>
                    <lines>
                        <line number="33" hits="0" branch="false"/>
                    </lines>
</class>
                <class 
                name="com.clickhouse.spark.expr.TupleExpr" filename="com/clickhouse/spark/expr/Expressions.scala" line-rate="0.00" branch-rate="0.00" complexity="0">
                    <methods>
                        <method 
                        name="com.clickhouse.spark.expr/TupleExpr/sql" signature="()V" line-rate="0.00" branch-rate="0.00" complexity="0">
                            <lines>
                                <line number="48" hits="0" branch="false"/>
                            </lines>
</method>
                    </methods>
                    <lines>
                        <line number="48" hits="0" branch="false"/>
                    </lines>
</class>
                <class 
                name="com.clickhouse.spark.expr.OrderExpr" filename="com/clickhouse/spark/expr/Expressions.scala" line-rate="0.00" branch-rate="0.00" complexity="0">
                    <methods>
                        <method 
                        name="com.clickhouse.spark.expr/OrderExpr/sql" signature="()V" line-rate="0.00" branch-rate="0.00" complexity="0">
                            <lines>
                                <line number="44" hits="0" branch="false"/>
                                <line number="44" hits="0" branch="false"/>
                                <line number="44" hits="0" branch="true"/>
                                <line number="44" hits="0" branch="false"/>
                                <line number="44" hits="0" branch="true"/>
                                <line number="44" hits="0" branch="false"/>
                                <line number="44" hits="0" branch="false"/>
                                <line number="44" hits="0" branch="false"/>
                                <line number="44" hits="0" branch="false"/>
                                <line number="44" hits="0" branch="true"/>
                                <line number="44" hits="0" branch="false"/>
                                <line number="44" hits="0" branch="false"/>
                                <line number="44" hits="0" branch="false"/>
                                <line number="44" hits="0" branch="true"/>
                                <line number="44" hits="0" branch="false"/>
                                <line number="44" hits="0" branch="false"/>
                            </lines>
</method>
                    </methods>
                    <lines>
                        <line number="44" hits="0" branch="false"/>
                        <line number="44" hits="0" branch="false"/>
                        <line number="44" hits="0" branch="true"/>
                        <line number="44" hits="0" branch="false"/>
                        <line number="44" hits="0" branch="true"/>
                        <line number="44" hits="0" branch="false"/>
                        <line number="44" hits="0" branch="false"/>
                        <line number="44" hits="0" branch="false"/>
                        <line number="44" hits="0" branch="false"/>
                        <line number="44" hits="0" branch="true"/>
                        <line number="44" hits="0" branch="false"/>
                        <line number="44" hits="0" branch="false"/>
                        <line number="44" hits="0" branch="false"/>
                        <line number="44" hits="0" branch="true"/>
                        <line number="44" hits="0" branch="false"/>
                        <line number="44" hits="0" branch="false"/>
                    </lines>
</class>
                <class 
                name="com.clickhouse.spark.expr.FieldRef" filename="com/clickhouse/spark/expr/Expressions.scala" line-rate="0.00" branch-rate="0.00" complexity="0">
                    <methods>
                        <method 
                        name="com.clickhouse.spark.expr/FieldRef/sql" signature="()V" line-rate="0.00" branch-rate="0.00" complexity="0">
                            <lines>
                                <line number="29" hits="0" branch="false"/>
                            </lines>
</method>
                    </methods>
                    <lines>
                        <line number="29" hits="0" branch="false"/>
                    </lines>
</class>
            </classes>
        </package>
        <package name="com.clickhouse.spark.format" line-rate="0.00" branch-rate="0.00" complexity="0">
            <classes>
                <class 
                name="com.clickhouse.spark.format.JSONCompactEachRowWithNamesAndTypesSimpleOutput" filename="com/clickhouse/spark/format/JSONOutputFormat.scala" line-rate="0.00" branch-rate="0.00" complexity="0">
                    <methods>
                        <method 
                        name="com.clickhouse.spark.format/JSONCompactEachRowWithNamesAndTypesSimpleOutput/deserialize" signature="()V" line-rate="0.00" branch-rate="0.00" complexity="0">
                            <lines>
                                <line number="47" hits="0" branch="false"/>
                                <line number="47" hits="0" branch="false"/>
                                <line number="48" hits="0" branch="false"/>
                                <line number="47" hits="0" branch="false"/>
                                <line number="47" hits="0" branch="false"/>
                                <line number="46" hits="0" branch="false"/>
                            </lines>
</method>
                        <method 
                        name="com.clickhouse.spark.format/JSONCompactEachRowWithNamesAndTypesSimpleOutput/namesAndTypes" signature="()V" line-rate="0.00" branch-rate="0.00" complexity="0">
                            <lines>
                                <line number="66" hits="0" branch="false"/>
                            </lines>
</method>
                        <method 
                        name="com.clickhouse.spark.format/JSONCompactEachRowWithNamesAndTypesSimpleOutput/records" signature="()V" line-rate="0.00" branch-rate="0.00" complexity="0">
                            <lines>
                                <line number="68" hits="0" branch="false"/>
                            </lines>
</method>
                        <method 
                        name="com.clickhouse.spark.format/JSONCompactEachRowWithNamesAndTypesSimpleOutput/&lt;none&gt;" signature="()V" line-rate="0.00" branch-rate="0.00" complexity="0">
                            <lines>
                                <line number="59" hits="0" branch="false"/>
                                <line number="60" hits="0" branch="false"/>
                                <line number="61" hits="0" branch="true"/>
                                <line number="60" hits="0" branch="false"/>
                                <line number="60" hits="0" branch="false"/>
                                <line number="60" hits="0" branch="false"/>
                                <line number="60" hits="0" branch="false"/>
                                <line number="59" hits="0" branch="false"/>
                                <line number="60" hits="0" branch="false"/>
                                <line number="60" hits="0" branch="false"/>
                                <line number="60" hits="0" branch="false"/>
                                <line number="60" hits="0" branch="false"/>
                                <line number="64" hits="0" branch="false"/>
                                <line number="60" hits="0" branch="true"/>
                                <line number="61" hits="0" branch="false"/>
                                <line number="60" hits="0" branch="false"/>
                                <line number="60" hits="0" branch="false"/>
                            </lines>
</method>
                    </methods>
                    <lines>
                        <line number="47" hits="0" branch="false"/>
                        <line number="66" hits="0" branch="false"/>
                        <line number="68" hits="0" branch="false"/>
                        <line number="59" hits="0" branch="false"/>
                        <line number="60" hits="0" branch="false"/>
                        <line number="61" hits="0" branch="true"/>
                        <line number="47" hits="0" branch="false"/>
                        <line number="60" hits="0" branch="false"/>
                        <line number="60" hits="0" branch="false"/>
                        <line number="60" hits="0" branch="false"/>
                        <line number="60" hits="0" branch="false"/>
                        <line number="48" hits="0" branch="false"/>
                        <line number="59" hits="0" branch="false"/>
                        <line number="60" hits="0" branch="false"/>
                        <line number="60" hits="0" branch="false"/>
                        <line number="60" hits="0" branch="false"/>
                        <line number="60" hits="0" branch="false"/>
                        <line number="47" hits="0" branch="false"/>
                        <line number="64" hits="0" branch="false"/>
                        <line number="47" hits="0" branch="false"/>
                        <line number="60" hits="0" branch="true"/>
                        <line number="61" hits="0" branch="false"/>
                        <line number="60" hits="0" branch="false"/>
                        <line number="46" hits="0" branch="false"/>
                        <line number="60" hits="0" branch="false"/>
                    </lines>
</class>
                <class 
                name="com.clickhouse.spark.format.JSONCompactEachRowWithNamesAndTypesStreamOutput" filename="com/clickhouse/spark/format/JSONOutputFormat.scala" line-rate="0.00" branch-rate="0.00" complexity="0">
                    <methods>
                        <method 
                        name="com.clickhouse.spark.format/JSONCompactEachRowWithNamesAndTypesStreamOutput/hasNext" signature="()V" line-rate="0.00" branch-rate="0.00" complexity="0">
                            <lines>
                                <line number="107" hits="0" branch="false"/>
                                <line number="107" hits="0" branch="false"/>
                                <line number="114" hits="0" branch="false"/>
                                <line number="105" hits="0" branch="true"/>
                                <line number="108" hits="0" branch="false"/>
                                <line number="102" hits="0" branch="true"/>
                                <line number="109" hits="0" branch="false"/>
                                <line number="105" hits="0" branch="false"/>
                                <line number="105" hits="0" branch="true"/>
                                <line number="109" hits="0" branch="false"/>
                                <line number="103" hits="0" branch="false"/>
                                <line number="103" hits="0" branch="true"/>
                                <line number="109" hits="0" branch="true"/>
                                <line number="107" hits="0" branch="false"/>
                                <line number="110" hits="0" branch="true"/>
                                <line number="111" hits="0" branch="false"/>
                                <line number="111" hits="0" branch="false"/>
                                <line number="109" hits="0" branch="false"/>
                                <line number="108" hits="0" branch="true"/>
                                <line number="107" hits="0" branch="false"/>
                                <line number="102" hits="0" branch="false"/>
                                <line number="106" hits="0" branch="false"/>
                                <line number="109" hits="0" branch="false"/>
                                <line number="107" hits="0" branch="true"/>
                                <line number="102" hits="0" branch="false"/>
                                <line number="105" hits="0" branch="false"/>
                                <line number="112" hits="0" branch="false"/>
                                <line number="107" hits="0" branch="false"/>
                                <line number="106" hits="0" branch="false"/>
                                <line number="109" hits="0" branch="false"/>
                            </lines>
</method>
                        <method 
                        name="com.clickhouse.spark.format/JSONCompactEachRowWithNamesAndTypesStreamOutput/deserializeStream" signature="()V" line-rate="0.00" branch-rate="0.00" complexity="0">
                            <lines>
                                <line number="77" hits="0" branch="false"/>
                                <line number="78" hits="0" branch="false"/>
                                <line number="79" hits="0" branch="false"/>
                                <line number="78" hits="0" branch="false"/>
                                <line number="78" hits="0" branch="false"/>
                                <line number="78" hits="0" branch="false"/>
                            </lines>
</method>
                        <method 
                        name="com.clickhouse.spark.format/JSONCompactEachRowWithNamesAndTypesStreamOutput/next" signature="()V" line-rate="0.00" branch-rate="0.00" complexity="0">
                            <lines>
                                <line number="118" hits="0" branch="true"/>
                                <line number="119" hits="0" branch="true"/>
                                <line number="119" hits="0" branch="false"/>
                                <line number="121" hits="0" branch="false"/>
                                <line number="118" hits="0" branch="false"/>
                                <line number="118" hits="0" branch="false"/>
                                <line number="122" hits="0" branch="false"/>
                            </lines>
</method>
                    </methods>
                    <lines>
                        <line number="107" hits="0" branch="false"/>
                        <line number="107" hits="0" branch="false"/>
                        <line number="114" hits="0" branch="false"/>
                        <line number="105" hits="0" branch="true"/>
                        <line number="108" hits="0" branch="false"/>
                        <line number="77" hits="0" branch="false"/>
                        <line number="118" hits="0" branch="true"/>
                        <line number="102" hits="0" branch="true"/>
                        <line number="109" hits="0" branch="false"/>
                        <line number="78" hits="0" branch="false"/>
                        <line number="119" hits="0" branch="true"/>
                        <line number="105" hits="0" branch="false"/>
                        <line number="105" hits="0" branch="true"/>
                        <line number="109" hits="0" branch="false"/>
                        <line number="103" hits="0" branch="false"/>
                        <line number="79" hits="0" branch="false"/>
                        <line number="103" hits="0" branch="true"/>
                        <line number="109" hits="0" branch="true"/>
                        <line number="107" hits="0" branch="false"/>
                        <line number="110" hits="0" branch="true"/>
                        <line number="111" hits="0" branch="false"/>
                        <line number="111" hits="0" branch="false"/>
                        <line number="109" hits="0" branch="false"/>
                        <line number="108" hits="0" branch="true"/>
                        <line number="78" hits="0" branch="false"/>
                        <line number="107" hits="0" branch="false"/>
                        <line number="78" hits="0" branch="false"/>
                        <line number="102" hits="0" branch="false"/>
                        <line number="119" hits="0" branch="false"/>
                        <line number="121" hits="0" branch="false"/>
                        <line number="106" hits="0" branch="false"/>
                        <line number="118" hits="0" branch="false"/>
                        <line number="109" hits="0" branch="false"/>
                        <line number="118" hits="0" branch="false"/>
                        <line number="107" hits="0" branch="true"/>
                        <line number="102" hits="0" branch="false"/>
                        <line number="105" hits="0" branch="false"/>
                        <line number="112" hits="0" branch="false"/>
                        <line number="107" hits="0" branch="false"/>
                        <line number="122" hits="0" branch="false"/>
                        <line number="106" hits="0" branch="false"/>
                        <line number="78" hits="0" branch="false"/>
                        <line number="109" hits="0" branch="false"/>
                    </lines>
</class>
                <class 
                name="com.clickhouse.spark.format.SimpleOutput" filename="com/clickhouse/spark/format/OutputFormat.scala" line-rate="0.00" branch-rate="0.00" complexity="0">
                    <methods>
                        <method 
                        name="com.clickhouse.spark.format/SimpleOutput/isEmpty" signature="()V" line-rate="0.00" branch-rate="0.00" complexity="0">
                            <lines>
                                <line number="32" hits="0" branch="false"/>
                            </lines>
</method>
                        <method 
                        name="com.clickhouse.spark.format/SimpleOutput/rows" signature="()V" line-rate="0.00" branch-rate="0.00" complexity="0">
                            <lines>
                                <line number="30" hits="0" branch="false"/>
                            </lines>
</method>
                    </methods>
                    <lines>
                        <line number="32" hits="0" branch="false"/>
                        <line number="30" hits="0" branch="false"/>
                    </lines>
</class>
                <class 
                name="com.clickhouse.spark.format.JSONEachRowSimpleOutput" filename="com/clickhouse/spark/format/JSONOutputFormat.scala" line-rate="0.00" branch-rate="0.00" complexity="0">
                    <methods>
                        <method 
                        name="com.clickhouse.spark.format/JSONEachRowSimpleOutput/deserialize" signature="()V" line-rate="0.00" branch-rate="0.00" complexity="0">
                            <lines>
                                <line number="34" hits="0" branch="false"/>
                                <line number="35" hits="0" branch="false"/>
                                <line number="36" hits="0" branch="false"/>
                            </lines>
</method>
                    </methods>
                    <lines>
                        <line number="34" hits="0" branch="false"/>
                        <line number="35" hits="0" branch="false"/>
                        <line number="36" hits="0" branch="false"/>
                    </lines>
</class>
            </classes>
        </package>
        <package name="com.clickhouse.spark.hash" line-rate="0.00" branch-rate="0.00" complexity="0">
            <classes>
                <class 
[...]
                        <line number="28" hits="1" branch="false"/>
                        <line number="25" hits="1" branch="false"/>
                        <line number="23" hits="1" branch="false"/>
                        <line number="25" hits="1" branch="false"/>
                        <line number="24" hits="1" branch="false"/>
                        <line number="24" hits="1" branch="false"/>
                        <line number="23" hits="1" branch="false"/>
                        <line number="26" hits="1" branch="false"/>
                        <line number="27" hits="1" branch="false"/>
                        <line number="25" hits="1" branch="false"/>
                        <line number="28" hits="1" branch="false"/>
                        <line number="25" hits="1" branch="false"/>
                        <line number="22" hits="1" branch="false"/>
                        <line number="22" hits="1" branch="false"/>
                        <line number="27" hits="1" branch="false"/>
                        <line number="28" hits="1" branch="false"/>
                        <line number="25" hits="1" branch="false"/>
                        <line number="28" hits="1" branch="false"/>
                        <line number="26" hits="1" branch="false"/>
                    </lines>
</class>
                <class 
                name="com.clickhouse.spark.spec.DatabaseSpec" filename="com/clickhouse/spark/spec/DatabaseSpec.scala" line-rate="0.00" branch-rate="0.00" complexity="0">
                    <methods>
                        <method 
                        name="com.clickhouse.spark.spec/DatabaseSpec/toMap" signature="()V" line-rate="0.00" branch-rate="0.00" complexity="0">
                            <lines>
                                <line number="35" hits="0" branch="false"/>
                                <line number="32" hits="0" branch="false"/>
                                <line number="33" hits="0" branch="false"/>
                                <line number="33" hits="0" branch="false"/>
                                <line number="33" hits="0" branch="false"/>
                                <line number="32" hits="0" branch="false"/>
                                <line number="35" hits="0" branch="false"/>
                                <line number="34" hits="0" branch="false"/>
                                <line number="35" hits="0" branch="false"/>
                                <line number="30" hits="0" branch="false"/>
                                <line number="32" hits="0" branch="false"/>
                                <line number="31" hits="0" branch="false"/>
                                <line number="31" hits="0" branch="false"/>
                                <line number="34" hits="0" branch="false"/>
                                <line number="34" hits="0" branch="false"/>
                                <line number="31" hits="0" branch="false"/>
                            </lines>
</method>
                        <method 
                        name="com.clickhouse.spark.spec/DatabaseSpec/toJavaMap" signature="()V" line-rate="0.00" branch-rate="0.00" complexity="0">
                            <lines>
                                <line number="38" hits="0" branch="false"/>
                                <line number="38" hits="0" branch="false"/>
                            </lines>
</method>
                    </methods>
                    <lines>
                        <line number="35" hits="0" branch="false"/>
                        <line number="32" hits="0" branch="false"/>
                        <line number="33" hits="0" branch="false"/>
                        <line number="33" hits="0" branch="false"/>
                        <line number="33" hits="0" branch="false"/>
                        <line number="32" hits="0" branch="false"/>
                        <line number="35" hits="0" branch="false"/>
                        <line number="38" hits="0" branch="false"/>
                        <line number="34" hits="0" branch="false"/>
                        <line number="35" hits="0" branch="false"/>
                        <line number="30" hits="0" branch="false"/>
                        <line number="32" hits="0" branch="false"/>
                        <line number="31" hits="0" branch="false"/>
                        <line number="38" hits="0" branch="false"/>
                        <line number="31" hits="0" branch="false"/>
                        <line number="34" hits="0" branch="false"/>
                        <line number="34" hits="0" branch="false"/>
                        <line number="31" hits="0" branch="false"/>
                    </lines>
</class>
                <class 
                name="com.clickhouse.spark.spec.NodeSpec" filename="com/clickhouse/spark/spec/NodeSpec.scala" line-rate="0.12" branch-rate="0.14" complexity="0">
                    <methods>
                        <method 
                        name="com.clickhouse.spark.spec/NodeSpec/findPort" signature="()V" line-rate="0.00" branch-rate="0.00" complexity="0">
                            <lines>
                                <line number="54" hits="0" branch="true"/>
                                <line number="51" hits="0" branch="false"/>
                                <line number="53" hits="0" branch="false"/>
                                <line number="53" hits="0" branch="false"/>
                                <line number="53" hits="0" branch="true"/>
                            </lines>
</method>
                        <method 
                        name="com.clickhouse.spark.spec/NodeSpec/port" signature="()V" line-rate="0.00" branch-rate="0.00" complexity="0">
                            <lines>
                                <line number="58" hits="0" branch="false"/>
                                <line number="57" hits="0" branch="true"/>
                                <line number="59" hits="0" branch="true"/>
                                <line number="56" hits="0" branch="false"/>
                                <line number="57" hits="0" branch="false"/>
                                <line number="59" hits="0" branch="false"/>
                                <line number="58" hits="0" branch="true"/>
                            </lines>
</method>
                        <method 
                        name="com.clickhouse.spark.spec/NodeSpec/tcp_port" signature="()V" line-rate="0.00" branch-rate="0.00" complexity="0">
                            <lines>
                                <line number="42" hits="0" branch="false"/>
                                <line number="42" hits="0" branch="false"/>
                            </lines>
</method>
                        <method 
                        name="com.clickhouse.spark.spec/NodeSpec/host" signature="()V" line-rate="1.00" branch-rate="1.00" complexity="0">
                            <lines>
                                <line number="40" hits="1" branch="false"/>
                                <line number="40" hits="1" branch="false"/>
                            </lines>
</method>
                        <method 
                        name="com.clickhouse.spark.spec/NodeSpec/toString" signature="()V" line-rate="0.00" branch-rate="0.00" complexity="0">
                            <lines>
                                <line number="62" hits="0" branch="false"/>
                                <line number="62" hits="0" branch="false"/>
                                <line number="62" hits="0" branch="false"/>
                                <line number="62" hits="0" branch="false"/>
                                <line number="62" hits="0" branch="false"/>
                                <line number="62" hits="0" branch="false"/>
                                <line number="62" hits="0" branch="false"/>
                                <line number="62" hits="0" branch="false"/>
                                <line number="62" hits="0" branch="false"/>
                                <line number="62" hits="0" branch="false"/>
                                <line number="62" hits="0" branch="false"/>
                                <line number="62" hits="0" branch="false"/>
                            </lines>
</method>
                        <method 
                        name="com.clickhouse.spark.spec/NodeSpec/findHost" signature="()V" line-rate="0.50" branch-rate="0.50" complexity="0">
                            <lines>
                                <line number="48" hits="1" branch="true"/>
                                <line number="47" hits="0" branch="true"/>
                                <line number="47" hits="0" branch="false"/>
                                <line number="45" hits="1" branch="false"/>
                            </lines>
</method>
                        <method 
                        name="com.clickhouse.spark.spec/NodeSpec/http_port" signature="()V" line-rate="0.00" branch-rate="0.00" complexity="0">
                            <lines>
                                <line number="41" hits="0" branch="false"/>
                                <line number="41" hits="0" branch="false"/>
                            </lines>
</method>
                    </methods>
                    <lines>
                        <line number="58" hits="0" branch="false"/>
                        <line number="48" hits="1" branch="true"/>
                        <line number="62" hits="0" branch="false"/>
                        <line number="54" hits="0" branch="true"/>
                        <line number="47" hits="0" branch="true"/>
                        <line number="42" hits="0" branch="false"/>
                        <line number="51" hits="0" branch="false"/>
                        <line number="62" hits="0" branch="false"/>
                        <line number="62" hits="0" branch="false"/>
                        <line number="57" hits="0" branch="true"/>
                        <line number="47" hits="0" branch="false"/>
                        <line number="53" hits="0" branch="false"/>
                        <line number="62" hits="0" branch="false"/>
                        <line number="41" hits="0" branch="false"/>
                        <line number="59" hits="0" branch="true"/>
                        <line number="53" hits="0" branch="false"/>
                        <line number="45" hits="1" branch="false"/>
                        <line number="62" hits="0" branch="false"/>
                        <line number="62" hits="0" branch="false"/>
                        <line number="62" hits="0" branch="false"/>
                        <line number="40" hits="1" branch="false"/>
                        <line number="62" hits="0" branch="false"/>
                        <line number="42" hits="0" branch="false"/>
                        <line number="40" hits="1" branch="false"/>
                        <line number="56" hits="0" branch="false"/>
                        <line number="41" hits="0" branch="false"/>
                        <line number="57" hits="0" branch="false"/>
                        <line number="59" hits="0" branch="false"/>
                        <line number="58" hits="0" branch="true"/>
                        <line number="62" hits="0" branch="false"/>
                        <line number="62" hits="0" branch="false"/>
                        <line number="53" hits="0" branch="true"/>
                        <line number="62" hits="0" branch="false"/>
                        <line number="62" hits="0" branch="false"/>
                    </lines>
</class>
                <class 
                name="com.clickhouse.spark.spec.TableEngineSpec" filename="com/clickhouse/spark/spec/TableEngineSpec.scala" line-rate="0.00" branch-rate="0.00" complexity="0">
                    <methods>
                        <method 
                        name="com.clickhouse.spark.spec/TableEngineSpec/args" signature="()V" line-rate="0.00" branch-rate="0.00" complexity="0">
                            <lines>
                                <line number="23" hits="0" branch="false"/>
                            </lines>
</method>
                        <method 
                        name="com.clickhouse.spark.spec/TableEngineSpec/is_replicated" signature="()V" line-rate="0.00" branch-rate="0.00" complexity="0">
                            <lines>
                                <line number="31" hits="0" branch="false"/>
                            </lines>
</method>
                        <method 
                        name="com.clickhouse.spark.spec/TableEngineSpec/order_by_expr" signature="()V" line-rate="0.00" branch-rate="0.00" complexity="0">
                            <lines>
                                <line number="32" hits="0" branch="false"/>
                                <line number="32" hits="0" branch="false"/>
                                <line number="32" hits="0" branch="false"/>
                            </lines>
</method>
                        <method 
                        name="com.clickhouse.spark.spec/TableEngineSpec/ttl" signature="()V" line-rate="0.00" branch-rate="0.00" complexity="0">
                            <lines>
                                <line number="28" hits="0" branch="false"/>
                            </lines>
</method>
                        <method 
                        name="com.clickhouse.spark.spec/TableEngineSpec/sorting_key" signature="()V" line-rate="0.00" branch-rate="0.00" complexity="0">
                            <lines>
                                <line number="24" hits="0" branch="false"/>
                                <line number="24" hits="0" branch="false"/>
                            </lines>
</method>
                        <method 
                        name="com.clickhouse.spark.spec/TableEngineSpec/primary_key" signature="()V" line-rate="0.00" branch-rate="0.00" complexity="0">
                            <lines>
                                <line number="25" hits="0" branch="false"/>
                                <line number="25" hits="0" branch="false"/>
                            </lines>
</method>
                        <method 
                        name="com.clickhouse.spark.spec/TableEngineSpec/partition_key" signature="()V" line-rate="0.00" branch-rate="0.00" complexity="0">
                            <lines>
                                <line number="26" hits="0" branch="false"/>
                                <line number="26" hits="0" branch="false"/>
                            </lines>
</method>
                        <method 
                        name="com.clickhouse.spark.spec/TableEngineSpec/is_distributed" signature="()V" line-rate="0.00" branch-rate="0.00" complexity="0">
                            <lines>
                                <line number="30" hits="0" branch="false"/>
                            </lines>
</method>
                        <method 
                        name="com.clickhouse.spark.spec/TableEngineSpec/sampling_key" signature="()V" line-rate="0.00" branch-rate="0.00" complexity="0">
                            <lines>
                                <line number="27" hits="0" branch="false"/>
                                <line number="27" hits="0" branch="false"/>
                            </lines>
</method>
                    </methods>
                    <lines>
                        <line number="32" hits="0" branch="false"/>
                        <line number="24" hits="0" branch="false"/>
                        <line number="30" hits="0" branch="false"/>
                        <line number="26" hits="0" branch="false"/>
                        <line number="27" hits="0" branch="false"/>
                        <line number="31" hits="0" branch="false"/>
                        <line number="26" hits="0" branch="false"/>
                        <line number="23" hits="0" branch="false"/>
                        <line number="27" hits="0" branch="false"/>
                        <line number="28" hits="0" branch="false"/>
                        <line number="32" hits="0" branch="false"/>
                        <line number="24" hits="0" branch="false"/>
                        <line number="25" hits="0" branch="false"/>
                        <line number="25" hits="0" branch="false"/>
                        <line number="32" hits="0" branch="false"/>
                    </lines>
</class>
                <class 
                name="com.clickhouse.spark.spec.MergeTreeEngineSpec" filename="com/clickhouse/spark/spec/TableEngineSpec.scala" line-rate="0.00" branch-rate="0.00" complexity="0">
                    <methods>
                        <method 
                        name="com.clickhouse.spark.spec/MergeTreeEngineSpec/sorting_key" signature="()V" line-rate="0.00" branch-rate="0.00" complexity="0">
                            <lines>
                                <line number="60" hits="0" branch="false"/>
                            </lines>
</method>
                        <method 
                        name="com.clickhouse.spark.spec/MergeTreeEngineSpec/engine" signature="()V" line-rate="0.00" branch-rate="0.00" complexity="0">
                            <lines>
                                <line number="59" hits="0" branch="false"/>
                            </lines>
</method>
                        <method 
                        name="com.clickhouse.spark.spec/MergeTreeEngineSpec/ttl" signature="()V" line-rate="0.00" branch-rate="0.00" complexity="0">
                            <lines>
                                <line number="64" hits="0" branch="false"/>
                            </lines>
</method>
                        <method 
                        name="com.clickhouse.spark.spec/MergeTreeEngineSpec/partition_key" signature="()V" line-rate="0.00" branch-rate="0.00" complexity="0">
                            <lines>
                                <line number="62" hits="0" branch="false"/>
                            </lines>
</method>
                        <method 
                        name="com.clickhouse.spark.spec/MergeTreeEngineSpec/primary_key" signature="()V" line-rate="0.00" branch-rate="0.00" complexity="0">
                            <lines>
                                <line number="61" hits="0" branch="false"/>
                            </lines>
</method>
                        <method 
                        name="com.clickhouse.spark.spec/MergeTreeEngineSpec/sampling_key" signature="()V" line-rate="0.00" branch-rate="0.00" complexity="0">
                            <lines>
                                <line number="63" hits="0" branch="false"/>
                            </lines>
</method>
                        <method 
                        name="com.clickhouse.spark.spec/MergeTreeEngineSpec/settings" signature="()V" line-rate="0.00" branch-rate="0.00" complexity="0">
                            <lines>
                                <line number="65" hits="0" branch="false"/>
                            </lines>
</method>
                    </methods>
                    <lines>
                        <line number="62" hits="0" branch="false"/>
                        <line number="63" hits="0" branch="false"/>
                        <line number="60" hits="0" branch="false"/>
                        <line number="64" hits="0" branch="false"/>
                        <line number="59" hits="0" branch="false"/>
                        <line number="65" hits="0" branch="false"/>
                        <line number="61" hits="0" branch="false"/>
                    </lines>
</class>
            </classes>
        </package>
    </packages>
</coverage>
