<?xml version="1.0" encoding="UTF-8" ?>
<testsuite 
errors="0" failures="0" hostname="Shimons-MacBook-Pro.local" name="org.apache.spark.sql.clickhouse.cluster.ClusterDeleteSuite" tests="3" time="6.096" timestamp="2025-11-02T03:59:31">
  <properties>
[...]
</properties>
  <testcase 
  name="clickhouse cluster up" classname="org.apache.spark.sql.clickhouse.cluster.ClusterDeleteSuite" time="0.0">
</testcase>
  <testcase 
  name="truncate distribute table" classname="org.apache.spark.sql.clickhouse.cluster.ClusterDeleteSuite" time="0.975">
</testcase>
  <testcase 
  name="delete from distribute table" classname="org.apache.spark.sql.clickhouse.cluster.ClusterDeleteSuite" time="0.856">
</testcase>
  <system-out><![CDATA[]]></system-out>
  <system-err><![CDATA[]]></system-err>
</testsuite>
