<?xml version="1.0"?>
<!DOCTYPE coverage SYSTEM "https://cobertura.sourceforge.net/xml/coverage-04.dtd">
<coverage 
line-rate="0.08" lines-valid="2268" lines-covered="171" branches-valid="368" branches-covered="24" branch-rate="0.07" complexity="0" version="1.0" timestamp="1762084798874">
    <sources>
        <source>--source</source>
        <source>/Users/shimonsteinitz/Projects/spark-clickhouse-connector/spark-3.3/clickhouse-spark/src/main/scala</source>
    </sources>
    <packages>
        <package name="com.clickhouse.spark" line-rate="0.04" branch-rate="0.02" complexity="0">
            <classes>
                <class 
                name="com.clickhouse.spark.BytesWrittenMetric" filename="com/clickhouse/spark/Metrics.scala" line-rate="0.00" branch-rate="0.00" complexity="0">
                    <methods>
                        <method 
                        name="com.clickhouse.spark/BytesWrittenMetric/description" signature="()V" line-rate="0.00" branch-rate="0.00" complexity="0">
                            <lines>
                                <line number="57" hits="0" branch="false"/>
                            </lines>
</method>
                        <method 
                        name="com.clickhouse.spark/BytesWrittenMetric/name" signature="()V" line-rate="0.00" branch-rate="0.00" complexity="0">
                            <lines>
                                <line number="56" hits="0" branch="false"/>
                            </lines>
</method>
                    </methods>
                    <lines>
                        <line number="57" hits="0" branch="false"/>
                        <line number="56" hits="0" branch="false"/>
                    </lines>
</class>
                <class 
                name="com.clickhouse.spark.SizeSumMetric" filename="com/clickhouse/spark/Metrics.scala" line-rate="0.00" branch-rate="0.00" complexity="0">
                    <methods>
                        <method 
                        name="com.clickhouse.spark/SizeSumMetric/aggregateTaskMetrics" signature="()V" line-rate="0.00" branch-rate="0.00" complexity="0">
                            <lines>
                                <line number="23" hits="0" branch="false"/>
                                <line number="23" hits="0" branch="false"/>
                                <line number="23" hits="0" branch="false"/>
                            </lines>
</method>
                    </methods>
                    <lines>
                        <line number="23" hits="0" branch="false"/>
                        <line number="23" hits="0" branch="false"/>
                        <line number="23" hits="0" branch="false"/>
                    </lines>
</class>
                <class 
                name="com.clickhouse.spark.DurationSumMetric" filename="com/clickhouse/spark/Metrics.scala" line-rate="0.00" branch-rate="0.00" complexity="0">
                    <methods>
                        <method 
                        name="com.clickhouse.spark/DurationSumMetric/aggregateTaskMetrics" signature="()V" line-rate="0.00" branch-rate="0.00" complexity="0">
                            <lines>
                                <line number="27" hits="0" branch="false"/>
                                <line number="27" hits="0" branch="false"/>
                                <line number="27" hits="0" branch="false"/>
                            </lines>
</method>
                    </methods>
                    <lines>
                        <line number="27" hits="0" branch="false"/>
                        <line number="27" hits="0" branch="false"/>
                        <line number="27" hits="0" branch="false"/>
                    </lines>
</class>
                <class 
                name="com.clickhouse.spark.Metrics" filename="com/clickhouse/spark/Metrics.scala" line-rate="0.00" branch-rate="0.00" complexity="0">
                    <methods>
                        <method 
                        name="com.clickhouse.spark/Metrics/&lt;none&gt;" signature="()V" line-rate="0.00" branch-rate="0.00" complexity="0">
                            <lines>
                                <line number="31" hits="0" branch="false"/>
                                <line number="37" hits="0" branch="false"/>
                                <line number="35" hits="0" branch="false"/>
                                <line number="34" hits="0" branch="false"/>
                                <line number="32" hits="0" branch="false"/>
                                <line number="36" hits="0" branch="false"/>
                            </lines>
</method>
                    </methods>
                    <lines>
                        <line number="31" hits="0" branch="false"/>
                        <line number="37" hits="0" branch="false"/>
                        <line number="35" hits="0" branch="false"/>
                        <line number="34" hits="0" branch="false"/>
                        <line number="32" hits="0" branch="false"/>
                        <line number="36" hits="0" branch="false"/>
                    </lines>
</class>
                <class 
                name="com.clickhouse.spark.BytesReadMetric" filename="com/clickhouse/spark/Metrics.scala" line-rate="0.00" branch-rate="0.00" complexity="0">
                    <methods>
                        <method 
                        name="com.clickhouse.spark/BytesReadMetric/description" signature="()V" line-rate="0.00" branch-rate="0.00" complexity="0">
                            <lines>
                                <line number="47" hits="0" branch="false"/>
                            </lines>
</method>
                        <method 
                        name="com.clickhouse.spark/BytesReadMetric/name" signature="()V" line-rate="0.00" branch-rate="0.00" complexity="0">
                            <lines>
                                <line number="46" hits="0" branch="false"/>
                            </lines>
</method>
                    </methods>
                    <lines>
                        <line number="47" hits="0" branch="false"/>
                        <line number="46" hits="0" branch="false"/>
                    </lines>
</class>
                <class 
                name="com.clickhouse.spark.Constants" filename="com/clickhouse/spark/Constants.scala" line-rate="0.53" branch-rate="1.00" complexity="0">
                    <methods>
                        <method 
                        name="com.clickhouse.spark/Constants/&lt;none&gt;" signature="()V" line-rate="0.53" branch-rate="1.00" complexity="0">
                            <lines>
                                <line number="34" hits="1" branch="false"/>
                                <line number="34" hits="1" branch="false"/>
                                <line number="34" hits="1" branch="false"/>
                                <line number="35" hits="1" branch="false"/>
                                <line number="33" hits="1" branch="false"/>
                                <line number="34" hits="1" branch="false"/>
                                <line number="30" hits="0" branch="false"/>
                                <line number="35" hits="1" branch="false"/>
                                <line number="35" hits="1" branch="false"/>
                                <line number="26" hits="0" branch="false"/>
                                <line number="34" hits="1" branch="false"/>
                                <line number="25" hits="0" branch="false"/>
                                <line number="24" hits="0" branch="false"/>
                                <line number="27" hits="0" branch="false"/>
                                <line number="31" hits="0" branch="false"/>
                                <line number="29" hits="0" branch="false"/>
                                <line number="28" hits="0" branch="false"/>
                                <line number="32" hits="0" branch="false"/>
                                <line number="35" hits="1" branch="false"/>
                            </lines>
</method>
                    </methods>
                    <lines>
                        <line number="34" hits="1" branch="false"/>
                        <line number="34" hits="1" branch="false"/>
                        <line number="34" hits="1" branch="false"/>
                        <line number="35" hits="1" branch="false"/>
                        <line number="33" hits="1" branch="false"/>
                        <line number="34" hits="1" branch="false"/>
                        <line number="30" hits="0" branch="false"/>
                        <line number="35" hits="1" branch="false"/>
                        <line number="35" hits="1" branch="false"/>
                        <line number="26" hits="0" branch="false"/>
                        <line number="34" hits="1" branch="false"/>
                        <line number="25" hits="0" branch="false"/>
                        <line number="24" hits="0" branch="false"/>
                        <line number="27" hits="0" branch="false"/>
                        <line number="31" hits="0" branch="false"/>
                        <line number="29" hits="0" branch="false"/>
                        <line number="28" hits="0" branch="false"/>
                        <line number="32" hits="0" branch="false"/>
                        <line number="35" hits="1" branch="false"/>
                    </lines>
</class>
                <class 
                name="com.clickhouse.spark.ClickHouseTable" filename="com/clickhouse/spark/ClickHouseTable.scala" line-rate="0.00" branch-rate="0.00" complexity="0">
                    <methods>
                        <method 
                        name="com.clickhouse.spark/ClickHouseTable/deleteWhere" signature="()V" line-rate="0.00" branch-rate="0.00" complexity="0">
                            <lines>
                                <line number="277" hits="0" branch="false"/>
                                <line number="276" hits="0" branch="false"/>
                                <line number="280" hits="0" branch="true"/>
                                <line number="280" hits="0" branch="false"/>
                                <line number="276" hits="0" branch="false"/>
                                <line number="282" hits="0" branch="true"/>
                                <line number="282" hits="0" branch="false"/>
                                <line number="277" hits="0" branch="false"/>
                                <line number="277" hits="0" branch="false"/>
                                <line number="277" hits="0" branch="false"/>
                                <line number="276" hits="0" branch="false"/>
                            </lines>
</method>
                        <method 
                        name="com.clickhouse.spark/ClickHouseTable/replacePartitionMetadata" signature="()V" line-rate="0.00" branch-rate="0.00" complexity="0">
                            <lines>
                                <line number="210" hits="0" branch="false"/>
                            </lines>
</method>
                        <method 
                        name="com.clickhouse.spark/ClickHouseTable/purgePartition" signature="()V" line-rate="0.00" branch-rate="0.00" complexity="0">
                            <lines>
                                <line number="205" hits="0" branch="false"/>
                            </lines>
</method>
                        <method 
                        name="com.clickhouse.spark/ClickHouseTable/&lt;none&gt;" signature="()V" line-rate="0.00" branch-rate="0.00" complexity="0">
                            <lines>
                                <line number="67" hits="0" branch="false"/>
                                <line number="67" hits="0" branch="false"/>
                            </lines>
</method>
                        <method 
                        name="com.clickhouse.spark/ClickHouseTable/capabilities" signature="()V" line-rate="0.00" branch-rate="0.00" complexity="0">
                            <lines>
                                <line number="108" hits="0" branch="false"/>
                                <line number="103" hits="0" branch="false"/>
                            </lines>
</method>
                        <method 
                        name="com.clickhouse.spark/ClickHouseTable/truncatePartition" signature="()V" line-rate="0.00" branch-rate="0.00" complexity="0">
                            <lines>
                                <line number="207" hits="0" branch="false"/>
                            </lines>
</method>
                        <method 
                        name="com.clickhouse.spark/ClickHouseTable/listPartitionIdentifiers" signature="()V" line-rate="0.00" branch-rate="0.00" complexity="0">
                            <lines>
                                <line number="218" hits="0" branch="false"/>
                                <line number="259" hits="0" branch="false"/>
                                <line number="238" hits="0" branch="false"/>
                                <line number="255" hits="0" branch="true"/>
                                <line number="219" hits="0" branch="false"/>
                                <line number="267" hits="0" branch="false"/>
                                <line number="250" hits="0" branch="false"/>
                                <line number="222" hits="0" branch="false"/>
                                <line number="223" hits="0" branch="false"/>
                                <line number="257" hits="0" branch="false"/>
                                <line number="259" hits="0" branch="false"/>
                                <line number="218" hits="0" branch="false"/>
                                <line number="252" hits="0" branch="false"/>
                                <line number="237" hits="0" branch="true"/>
                                <line number="237" hits="0" branch="false"/>
                                <line number="243" hits="0" branch="false"/>
                                <line number="258" hits="0" branch="false"/>
                                <line number="264" hits="0" branch="false"/>
                                <line number="218" hits="0" branch="false"/>
                                <line number="224" hits="0" branch="false"/>
                                <line number="255" hits="0" branch="false"/>
                                <line number="259" hits="0" branch="false"/>
                                <line number="264" hits="0" branch="false"/>
                                <line number="251" hits="0" branch="false"/>
                                <line number="260" hits="0" branch="false"/>
                                <line number="237" hits="0" branch="false"/>
                                <line number="217" hits="0" branch="false"/>
                                <line number="253" hits="0" branch="true"/>
                                <line number="219" hits="0" branch="false"/>
                                <line number="270" hits="0" branch="false"/>
                                <line number="259" hits="0" branch="false"/>
                                <line number="260" hits="0" branch="false"/>
                                <line number="238" hits="0" branch="false"/>
                                <line number="238" hits="0" branch="false"/>
                                <line number="247" hits="0" branch="false"/>
                                <line number="235" hits="0" branch="false"/>
                                <line number="223" hits="0" branch="false"/>
                                <line number="260" hits="0" branch="false"/>
                                <line number="219" hits="0" branch="false"/>
                                <line number="221" hits="0" branch="false"/>
                                <line number="247" hits="0" branch="false"/>
                                <line number="224" hits="0" branch="false"/>
                                <line number="260" hits="0" branch="true"/>
                                <line number="224" hits="0" branch="false"/>
                                <line number="252" hits="0" branch="false"/>
                                <line number="216" hits="0" branch="false"/>
                                <line number="267" hits="0" branch="false"/>
                                <line number="243" hits="0" branch="true"/>
                                <line number="243" hits="0" branch="false"/>
                                <line number="219" hits="0" branch="false"/>
                                <line number="218" hits="0" branch="false"/>
                                <line number="259" hits="0" branch="false"/>
                                <line number="224" hits="0" branch="false"/>
                                <line number="217" hits="0" branch="false"/>
                                <line number="223" hits="0" branch="false"/>
                                <line number="264" hits="0" branch="true"/>
                                <line number="266" hits="0" branch="false"/>
                                <line number="223" hits="0" branch="false"/>
                                <line number="239" hits="0" branch="false"/>
                                <line number="252" hits="0" branch="false"/>
                                <line number="259" hits="0" branch="false"/>
                                <line number="264" hits="0" branch="false"/>
                                <line number="253" hits="0" branch="false"/>
                                <line number="222" hits="0" branch="false"/>
                                <line number="265" hits="0" branch="false"/>
                                <line number="243" hits="0" branch="false"/>
                                <line number="244" hits="0" branch="false"/>
                                <line number="237" hits="0" branch="false"/>
                                <line number="249" hits="0" branch="false"/>
                                <line number="237" hits="0" branch="false"/>
                                <line number="259" hits="0" branch="false"/>
                            </lines>
</method>
                        <method 
                        name="com.clickhouse.spark/ClickHouseTable/newScanBuilder" signature="()V" line-rate="0.00" branch-rate="0.00" complexity="0">
                            <lines>
                                <line number="152" hits="0" branch="false"/>
                                <line number="144" hits="0" branch="false"/>
                                <line number="148" hits="0" branch="false"/>
                                <line number="145" hits="0" branch="false"/>
                                <line number="147" hits="0" branch="false"/>
                                <line number="149" hits="0" branch="false"/>
                                <line number="155" hits="0" branch="false"/>
                                <line number="152" hits="0" branch="false"/>
                                <line number="156" hits="0" branch="false"/>
                                <line number="146" hits="0" branch="false"/>
                            </lines>
</method>
                        <method 
                        name="com.clickhouse.spark/ClickHouseTable/sortingKey" signature="()V" line-rate="0.00" branch-rate="0.00" complexity="0">
                            <lines>
                                <line number="92" hits="0" branch="false"/>
                                <line number="94" hits="0" branch="false"/>
                                <line number="93" hits="0" branch="false"/>
                                <line number="93" hits="0" branch="false"/>
                                <line number="92" hits="0" branch="false"/>
                                <line number="92" hits="0" branch="false"/>
                                <line number="91" hits="0" branch="false"/>
                                <line number="92" hits="0" branch="true"/>
                                <line number="93" hits="0" branch="true"/>
                                <line number="93" hits="0" branch="false"/>
                                <line number="94" hits="0" branch="true"/>
                            </lines>
</method>
                        <method 
                        name="com.clickhouse.spark/ClickHouseTable/strToSparkValue" signature="()V" line-rate="0.00" branch-rate="0.00" complexity="0">
                            <lines>
                                <line number="230" hits="0" branch="true"/>
                                <line number="228" hits="0" branch="false"/>
                                <line number="231" hits="0" branch="false"/>
                                <line number="228" hits="0" branch="true"/>
                                <line number="231" hits="0" branch="true"/>
                                <line number="229" hits="0" branch="false"/>
                                <line number="231" hits="0" branch="false"/>
                                <line number="232" hits="0" branch="true"/>
                                <line number="228" hits="0" branch="false"/>
                                <line number="230" hits="0" branch="false"/>
                                <line number="232" hits="0" branch="false"/>
                                <line number="229" hits="0" branch="true"/>
                            </lines>
</method>
                        <method 
                        name="com.clickhouse.spark/ClickHouseTable/truncateTable" signature="()V" line-rate="0.00" branch-rate="0.00" complexity="0">
                            <lines>
                                <line number="288" hits="0" branch="false"/>
                                <line number="293" hits="0" branch="true"/>
                                <line number="288" hits="0" branch="false"/>
                                <line number="288" hits="0" branch="false"/>
                                <line number="291" hits="0" branch="false"/>
                                <line number="291" hits="0" branch="true"/>
                                <line number="293" hits="0" branch="false"/>
                            </lines>
</method>
                        <method 
                        name="com.clickhouse.spark/ClickHouseTable/name" signature="()V" line-rate="0.00" branch-rate="0.00" complexity="0">
                            <lines>
                                <line number="97" hits="0" branch="false"/>
                                <line number="97" hits="0" branch="false"/>
                                <line number="97" hits="0" branch="false"/>
                                <line number="97" hits="0" branch="false"/>
                                <line number="97" hits="0" branch="false"/>
                                <line number="97" hits="0" branch="false"/>
                                <line number="97" hits="0" branch="false"/>
                                <line number="97" hits="0" branch="false"/>
                            </lines>
</method>
                        <method 
                        name="com.clickhouse.spark/ClickHouseTable/isDistributed" signature="()V" line-rate="0.00" branch-rate="0.00" complexity="0">
                            <lines>
                                <line number="65" hits="0" branch="false"/>
                            </lines>
</method>
                        <method 
                        name="com.clickhouse.spark/ClickHouseTable/partitionKey" signature="()V" line-rate="0.00" branch-rate="0.00" complexity="0">
                            <lines>
                                <line number="87" hits="0" branch="true"/>
                                <line number="86" hits="0" branch="false"/>
                                <line number="86" hits="0" branch="true"/>
                                <line number="88" hits="0" branch="false"/>
                                <line number="87" hits="0" branch="false"/>
                                <line number="86" hits="0" branch="false"/>
                                <line number="85" hits="0" branch="false"/>
                                <line number="88" hits="0" branch="true"/>
                                <line number="87" hits="0" branch="false"/>
                            </lines>
</method>
                        <method 
                        name="com.clickhouse.spark/ClickHouseTable/createPartition" signature="()V" line-rate="0.00" branch-rate="0.00" complexity="0">
                            <lines>
                                <line number="182" hits="0" branch="false"/>
                            </lines>
</method>
                        <method 
                        name="com.clickhouse.spark/ClickHouseTable/database" signature="()V" line-rate="0.00" branch-rate="0.00" complexity="0">
                            <lines>
                                <line number="61" hits="0" branch="false"/>
                            </lines>
</method>
                        <method 
                        name="com.clickhouse.spark/ClickHouseTable/newWriteBuilder" signature="()V" line-rate="0.00" branch-rate="0.00" complexity="0">
                            <lines>
                                <line number="175" hits="0" branch="false"/>
                                <line number="168" hits="0" branch="false"/>
                                <line number="175" hits="0" branch="false"/>
                                <line number="173" hits="0" branch="false"/>
                                <line number="161" hits="0" branch="false"/>
                                <line number="166" hits="0" branch="false"/>
                                <line number="172" hits="0" branch="false"/>
                                <line number="178" hits="0" branch="false"/>
                                <line number="164" hits="0" branch="false"/>
                                <line number="165" hits="0" branch="false"/>
                                <line number="167" hits="0" branch="false"/>
                                <line number="160" hits="0" branch="false"/>
                                <line number="169" hits="0" branch="false"/>
                                <line number="174" hits="0" branch="false"/>
                            </lines>
</method>
                        <method 
                        name="com.clickhouse.spark/ClickHouseTable/table" signature="()V" line-rate="0.00" branch-rate="0.00" complexity="0">
                            <lines>
                                <line number="63" hits="0" branch="false"/>
                            </lines>
</method>
                        <method 
                        name="com.clickhouse.spark/ClickHouseTable/dropPartition" signature="()V" line-rate="0.00" branch-rate="0.00" complexity="0">
                            <lines>
                                <line number="195" hits="0" branch="false"/>
                                <line number="198" hits="0" branch="false"/>
                                <line number="195" hits="0" branch="false"/>
                                <line number="200" hits="0" branch="true"/>
                                <line number="193" hits="0" branch="false"/>
                                <line number="198" hits="0" branch="true"/>
                                <line number="200" hits="0" branch="false"/>
                                <line number="195" hits="0" branch="false"/>
                            </lines>
</method>
                        <method 
                        name="com.clickhouse.spark/ClickHouseTable/shardingKey" signature="()V" line-rate="0.00" branch-rate="0.00" complexity="0">
                            <lines>
                                <line number="82" hits="0" branch="false"/>
                                <line number="81" hits="0" branch="true"/>
                                <line number="82" hits="0" branch="true"/>
                                <line number="81" hits="0" branch="false"/>
                                <line number="80" hits="0" branch="false"/>
                            </lines>
</method>
                        <method 
                        name="com.clickhouse.spark/ClickHouseTable/useNullableQuerySchema" signature="()V" line-rate="0.00" branch-rate="0.00" complexity="0">
                            <lines>
                                <line number="100" hits="0" branch="false"/>
                                <line number="100" hits="0" branch="false"/>
                            </lines>
</method>
                        <method 
                        name="com.clickhouse.spark/ClickHouseTable/loadPartitionMetadata" signature="()V" line-rate="0.00" branch-rate="0.00" complexity="0">
                            <lines>
                                <line number="213" hits="0" branch="false"/>
                            </lines>
</method>
                        <method 
                        name="com.clickhouse.spark/ClickHouseTable/canDeleteWhere" signature="()V" line-rate="0.00" branch-rate="0.00" complexity="0">
                            <lines>
                                <line number="273" hits="0" branch="false"/>
                                <line number="273" hits="0" branch="false"/>
                                <line number="273" hits="0" branch="false"/>
                            </lines>
</method>
                    </methods>
                    <lines>
                        <line number="152" hits="0" branch="false"/>
                        <line number="97" hits="0" branch="false"/>
                        <line number="175" hits="0" branch="false"/>
                        <line number="218" hits="0" branch="false"/>
                        <line number="97" hits="0" branch="false"/>
                        <line number="259" hits="0" branch="false"/>
                        <line number="82" hits="0" branch="false"/>
                        <line number="238" hits="0" branch="false"/>
                        <line number="288" hits="0" branch="false"/>
                        <line number="168" hits="0" branch="false"/>
                        <line number="255" hits="0" branch="true"/>
                        <line number="277" hits="0" branch="false"/>
                        <line number="219" hits="0" branch="false"/>
                        <line number="267" hits="0" branch="false"/>
                        <line number="81" hits="0" branch="true"/>
                        <line number="293" hits="0" branch="true"/>
                        <line number="250" hits="0" branch="false"/>
                        <line number="230" hits="0" branch="true"/>
                        <line number="276" hits="0" branch="false"/>
                        <line number="222" hits="0" branch="false"/>
                        <line number="223" hits="0" branch="false"/>
                        <line number="257" hits="0" branch="false"/>
                        <line number="280" hits="0" branch="true"/>
                        <line number="87" hits="0" branch="true"/>
                        <line number="259" hits="0" branch="false"/>
                        <line number="218" hits="0" branch="false"/>
                        <line number="205" hits="0" branch="false"/>
                        <line number="175" hits="0" branch="false"/>
                        <line number="252" hits="0" branch="false"/>
                        <line number="228" hits="0" branch="false"/>
                        <line number="237" hits="0" branch="true"/>
                        <line number="195" hits="0" branch="false"/>
                        <line number="231" hits="0" branch="false"/>
                        <line number="237" hits="0" branch="false"/>
                        <line number="144" hits="0" branch="false"/>
                        <line number="243" hits="0" branch="false"/>
                        <line number="86" hits="0" branch="false"/>
                        <line number="258" hits="0" branch="false"/>
                        <line number="264" hits="0" branch="false"/>
                        <line number="218" hits="0" branch="false"/>
                        <line number="224" hits="0" branch="false"/>
                        <line number="255" hits="0" branch="false"/>
                        <line number="259" hits="0" branch="false"/>
                        <line number="264" hits="0" branch="false"/>
                        <line number="92" hits="0" branch="false"/>
                        <line number="251" hits="0" branch="false"/>
                        <line number="97" hits="0" branch="false"/>
                        <line number="86" hits="0" branch="true"/>
                        <line number="198" hits="0" branch="false"/>
                        <line number="173" hits="0" branch="false"/>
                        <line number="273" hits="0" branch="false"/>
                        <line number="195" hits="0" branch="false"/>
                        <line number="260" hits="0" branch="false"/>
                        <line number="94" hits="0" branch="false"/>
                        <line number="237" hits="0" branch="false"/>
                        <line number="217" hits="0" branch="false"/>
                        <line number="213" hits="0" branch="false"/>
                        <line number="253" hits="0" branch="true"/>
                        <line number="228" hits="0" branch="true"/>
                        <line number="63" hits="0" branch="false"/>
                        <line number="88" hits="0" branch="false"/>
                        <line number="93" hits="0" branch="false"/>
                        <line number="280" hits="0" branch="false"/>
                        <line number="97" hits="0" branch="false"/>
                        <line number="161" hits="0" branch="false"/>
                        <line number="231" hits="0" branch="true"/>
                        <line number="276" hits="0" branch="false"/>
                        <line number="282" hits="0" branch="true"/>
                        <line number="282" hits="0" branch="false"/>
                        <line number="148" hits="0" branch="false"/>
                        <line number="87" hits="0" branch="false"/>
                        <line number="97" hits="0" branch="false"/>
                        <line number="166" hits="0" branch="false"/>
                        <line number="273" hits="0" branch="false"/>
                        <line number="219" hits="0" branch="false"/>
                        <line number="288" hits="0" branch="false"/>
                        <line number="270" hits="0" branch="false"/>
                        <line number="67" hits="0" branch="false"/>
                        <line number="172" hits="0" branch="false"/>
                        <line number="259" hits="0" branch="false"/>
                        <line number="260" hits="0" branch="false"/>
                        <line number="93" hits="0" branch="false"/>
                        <line number="238" hits="0" branch="false"/>
                        <line number="200" hits="0" branch="true"/>
                        <line number="238" hits="0" branch="false"/>
                        <line number="247" hits="0" branch="false"/>
                        <line number="82" hits="0" branch="true"/>
                        <line number="235" hits="0" branch="false"/>
                        <line number="86" hits="0" branch="false"/>
                        <line number="277" hits="0" branch="false"/>
                        <line number="178" hits="0" branch="false"/>
                        <line number="92" hits="0" branch="false"/>
                        <line number="223" hits="0" branch="false"/>
                        <line number="108" hits="0" branch="false"/>
                        <line number="81" hits="0" branch="false"/>
                        <line number="92" hits="0" branch="false"/>
                        <line number="229" hits="0" branch="false"/>
                        <line number="260" hits="0" branch="false"/>
                        <line number="145" hits="0" branch="false"/>
                        <line number="231" hits="0" branch="false"/>
                        <line number="164" hits="0" branch="false"/>
                        <line number="288" hits="0" branch="false"/>
                        <line number="207" hits="0" branch="false"/>
                        <line number="232" hits="0" branch="true"/>
                        <line number="193" hits="0" branch="false"/>
                        <line number="219" hits="0" branch="false"/>
                        <line number="198" hits="0" branch="true"/>
                        <line number="221" hits="0" branch="false"/>
                        <line number="85" hits="0" branch="false"/>
                        <line number="247" hits="0" branch="false"/>
                        <line number="65" hits="0" branch="false"/>
                        <line number="224" hits="0" branch="false"/>
                        <line number="200" hits="0" branch="false"/>
                        <line number="165" hits="0" branch="false"/>
                        <line number="260" hits="0" branch="true"/>
                        <line number="228" hits="0" branch="false"/>
                        <line number="147" hits="0" branch="false"/>
                        <line number="291" hits="0" branch="false"/>
                        <line number="224" hits="0" branch="false"/>
                        <line number="252" hits="0" branch="false"/>
                        <line number="80" hits="0" branch="false"/>
                        <line number="182" hits="0" branch="false"/>
                        <line number="91" hits="0" branch="false"/>
                        <line number="277" hits="0" branch="false"/>
                        <line number="216" hits="0" branch="false"/>
                        <line number="267" hits="0" branch="false"/>
                        <line number="149" hits="0" branch="false"/>
                        <line number="92" hits="0" branch="true"/>
                        <line number="243" hits="0" branch="true"/>
                        <line number="291" hits="0" branch="true"/>
                        <line number="100" hits="0" branch="false"/>
                        <line number="167" hits="0" branch="false"/>
                        <line number="160" hits="0" branch="false"/>
                        <line number="103" hits="0" branch="false"/>
                        <line number="230" hits="0" branch="false"/>
                        <line number="243" hits="0" branch="false"/>
                        <line number="155" hits="0" branch="false"/>
                        <line number="219" hits="0" branch="false"/>
                        <line number="232" hits="0" branch="false"/>
                        <line number="218" hits="0" branch="false"/>
                        <line number="152" hits="0" branch="false"/>
                        <line number="259" hits="0" branch="false"/>
                        <line number="224" hits="0" branch="false"/>
                        <line number="93" hits="0" branch="true"/>
                        <line number="217" hits="0" branch="false"/>
                        <line number="273" hits="0" branch="false"/>
                        <line number="223" hits="0" branch="false"/>
                        <line number="264" hits="0" branch="true"/>
                        <line number="97" hits="0" branch="false"/>
                        <line number="266" hits="0" branch="false"/>
                        <line number="223" hits="0" branch="false"/>
                        <line number="169" hits="0" branch="false"/>
                        <line number="156" hits="0" branch="false"/>
                        <line number="239" hits="0" branch="false"/>
                        <line number="97" hits="0" branch="false"/>
                        <line number="277" hits="0" branch="false"/>
                        <line number="100" hits="0" branch="false"/>
                        <line number="252" hits="0" branch="false"/>
                        <line number="174" hits="0" branch="false"/>
                        <line number="195" hits="0" branch="false"/>
                        <line number="67" hits="0" branch="false"/>
                        <line number="146" hits="0" branch="false"/>
                        <line number="276" hits="0" branch="false"/>
                        <line number="88" hits="0" branch="true"/>
                        <line number="210" hits="0" branch="false"/>
                        <line number="93" hits="0" branch="false"/>
                        <line number="61" hits="0" branch="false"/>
                        <line number="259" hits="0" branch="false"/>
                        <line number="264" hits="0" branch="false"/>
                        <line number="253" hits="0" branch="false"/>
                        <line number="97" hits="0" branch="false"/>
                        <line number="222" hits="0" branch="false"/>
                        <line number="265" hits="0" branch="false"/>
                        <line number="94" hits="0" branch="true"/>
                        <line number="243" hits="0" branch="false"/>
                        <line number="293" hits="0" branch="false"/>
                        <line number="244" hits="0" branch="false"/>
                        <line number="229" hits="0" branch="true"/>
                        <line number="237" hits="0" branch="false"/>
                        <line number="249" hits="0" branch="false"/>
                        <line number="87" hits="0" branch="false"/>
                        <line number="237" hits="0" branch="false"/>
                        <line number="259" hits="0" branch="false"/>
                    </lines>
</class>
                <class 
                name="com.clickhouse.spark.BlocksReadMetric" filename="com/clickhouse/spark/Metrics.scala" line-rate="0.00" branch-rate="0.00" complexity="0">
                    <methods>
                        <method 
                        name="com.clickhouse.spark/BlocksReadMetric/name" signature="()V" line-rate="0.00" branch-rate="0.00" complexity="0">
                            <lines>
                                <line number="41" hits="0" branch="false"/>
                            </lines>
</method>
                        <method 
                        name="com.clickhouse.spark/BlocksReadMetric/description" signature="()V" line-rate="0.00" branch-rate="0.00" complexity="0">
                            <lines>
                                <line number="42" hits="0" branch="false"/>
                            </lines>
</method>
                    </methods>
                    <lines>
                        <line number="41" hits="0" branch="false"/>
                        <line number="42" hits="0" branch="false"/>
                    </lines>
</class>
                <class 
                name="com.clickhouse.spark.SQLHelper" filename="com/clickhouse/spark/SQLHelper.scala" line-rate="0.00" branch-rate="0.00" complexity="0">
                    <methods>
                        <method 
                        name="com.clickhouse.spark/SQLHelper/escapeSql" signature="()V" line-rate="0.00" branch-rate="0.00" complexity="0">
                            <lines>
                                <line number="31" hits="0" branch="false"/>
                            </lines>
</method>
                        <method 
                        name="com.clickhouse.spark/SQLHelper/quoted" signature="()V" line-rate="0.00" branch-rate="0.00" complexity="0">
                            <lines>
                                <line number="28" hits="0" branch="false"/>
                            </lines>
</method>
                        <method 
                        name="com.clickhouse.spark/SQLHelper/compileAggregate" signature="()V" line-rate="0.00" branch-rate="0.00" complexity="0">
                            <lines>
                                <line number="82" hits="0" branch="false"/>
                                <line number="85" hits="0" branch="false"/>
                                <line number="92" hits="0" branch="false"/>
                                <line number="85" hits="0" branch="true"/>
                                <line number="82" hits="0" branch="false"/>
                                <line number="79" hits="0" branch="true"/>
                                <line number="93" hits="0" branch="false"/>
                                <line number="79" hits="0" branch="false"/>
                                <line number="81" hits="0" branch="false"/>
                                <line number="78" hits="0" branch="false"/>
                                <line number="91" hits="0" branch="true"/>
                                <line number="77" hits="0" branch="true"/>
                                <line number="88" hits="0" branch="false"/>
                                <line number="86" hits="0" branch="false"/>
                                <line number="78" hits="0" branch="false"/>
                                <line number="83" hits="0" branch="true"/>
                                <line number="87" hits="0" branch="false"/>
                                <line number="93" hits="0" branch="false"/>
                                <line number="81" hits="0" branch="true"/>
                                <line number="76" hits="0" branch="false"/>
                                <line number="92" hits="0" branch="false"/>
                                <line number="92" hits="0" branch="true"/>
                                <line number="84" hits="0" branch="false"/>
                                <line number="77" hits="0" branch="true"/>
                                <line number="85" hits="0" branch="false"/>
                                <line number="83" hits="0" branch="false"/>
                                <line number="88" hits="0" branch="false"/>
                                <line number="86" hits="0" branch="false"/>
                                <line number="97" hits="0" branch="true"/>
                                <line number="91" hits="0" branch="true"/>
                                <line number="86" hits="0" branch="true"/>
                                <line number="78" hits="0" branch="false"/>
                                <line number="82" hits="0" branch="false"/>
                                <line number="91" hits="0" branch="false"/>
                                <line number="94" hits="0" branch="false"/>
                                <line number="85" hits="0" branch="true"/>
                                <line number="78" hits="0" branch="false"/>
                                <line number="78" hits="0" branch="false"/>
                                <line number="82" hits="0" branch="false"/>
                                <line number="91" hits="0" branch="false"/>
                                <line number="85" hits="0" branch="false"/>
                                <line number="93" hits="0" branch="false"/>
                                <line number="77" hits="0" branch="false"/>
                                <line number="90" hits="0" branch="false"/>
                                <line number="94" hits="0" branch="false"/>
                                <line number="82" hits="0" branch="false"/>
                                <line number="86" hits="0" branch="true"/>
                                <line number="75" hits="0" branch="true"/>
                                <line number="89" hits="0" branch="true"/>
                                <line number="82" hits="0" branch="false"/>
                                <line number="91" hits="0" branch="false"/>
                                <line number="96" hits="0" branch="true"/>
                                <line number="75" hits="0" branch="false"/>
                                <line number="87" hits="0" branch="false"/>
                                <line number="87" hits="0" branch="false"/>
                                <line number="82" hits="0" branch="false"/>
                                <line number="97" hits="0" branch="false"/>
                                <line number="86" hits="0" branch="false"/>
                                <line number="92" hits="0" branch="true"/>
                                <line number="81" hits="0" branch="false"/>
                                <line number="81" hits="0" branch="false"/>
                                <line number="78" hits="0" branch="false"/>
                                <line number="78" hits="0" branch="false"/>
                                <line number="92" hits="0" branch="false"/>
                                <line number="81" hits="0" branch="true"/>
                                <line number="96" hits="0" branch="false"/>
                                <line number="80" hits="0" branch="false"/>
                                <line number="77" hits="0" branch="false"/>
                                <line number="77" hits="0" branch="false"/>
                                <line number="89" hits="0" branch="false"/>
                            </lines>
</method>
                        <method 
                        name="com.clickhouse.spark/SQLHelper/compileFilters" signature="()V" line-rate="0.00" branch-rate="0.00" complexity="0">
                            <lines>
                                <line number="103" hits="0" branch="false"/>
                            </lines>
</method>
                        <method 
                        name="com.clickhouse.spark/SQLHelper/compileValue" signature="()V" line-rate="0.00" branch-rate="0.00" complexity="0">
                            <lines>
                                <line number="41" hits="0" branch="false"/>
                                <line number="37" hits="0" branch="false"/>
                                <line number="34" hits="0" branch="false"/>
                                <line number="38" hits="0" branch="false"/>
                                <line number="37" hits="0" branch="false"/>
                                <line number="37" hits="0" branch="false"/>
                                <line number="34" hits="0" branch="false"/>
                                <line number="37" hits="0" branch="false"/>
                                <line number="37" hits="0" branch="true"/>
                                <line number="40" hits="0" branch="false"/>
                                <line number="38" hits="0" branch="false"/>
                                <line number="35" hits="0" branch="false"/>
                                <line number="36" hits="0" branch="false"/>
                                <line number="38" hits="0" branch="false"/>
                                <line number="34" hits="0" branch="false"/>
                                <line number="40" hits="0" branch="false"/>
                                <line number="35" hits="0" branch="false"/>
                                <line number="36" hits="0" branch="false"/>
                                <line number="34" hits="0" branch="true"/>
                                <line number="38" hits="0" branch="true"/>
                                <line number="35" hits="0" branch="false"/>
                                <line number="39" hits="0" branch="false"/>
                                <line number="35" hits="0" branch="false"/>
                                <line number="39" hits="0" branch="false"/>
                                <line number="38" hits="0" branch="false"/>
                                <line number="36" hits="0" branch="true"/>
                                <line number="40" hits="0" branch="false"/>
                                <line number="35" hits="0" branch="true"/>
                                <line number="41" hits="0" branch="true"/>
                                <line number="39" hits="0" branch="true"/>
                                <line number="40" hits="0" branch="true"/>
                                <line number="40" hits="0" branch="false"/>
                                <line number="36" hits="0" branch="false"/>
                                <line number="39" hits="0" branch="false"/>
                                <line number="36" hits="0" branch="false"/>
                                <line number="39" hits="0" branch="false"/>
                                <line number="34" hits="0" branch="false"/>
                                <line number="35" hits="0" branch="false"/>
                                <line number="42" hits="0" branch="true"/>
                            </lines>
</method>
                        <method 
                        name="com.clickhouse.spark/SQLHelper/compileFilter" signature="()V" line-rate="0.00" branch-rate="0.00" complexity="0">
                            <lines>
                                <line number="47" hits="0" branch="true"/>
                                <line number="54" hits="0" branch="true"/>
                                <line number="55" hits="0" branch="false"/>
                                <line number="66" hits="0" branch="false"/>
                                <line number="59" hits="0" branch="false"/>
                                <line number="62" hits="0" branch="false"/>
                                <line number="49" hits="0" branch="true"/>
                                <line number="64" hits="0" branch="true"/>
                                <line number="60" hits="0" branch="false"/>
                                <line number="65" hits="0" branch="false"/>
                                <line number="53" hits="0" branch="false"/>
                                <line number="61" hits="0" branch="true"/>
                                <line number="66" hits="0" branch="false"/>
                                <line number="52" hits="0" branch="false"/>
                                <line number="69" hits="0" branch="false"/>
                                <line number="48" hits="0" branch="false"/>
                                <line number="53" hits="0" branch="false"/>
                                <line number="52" hits="0" branch="false"/>
                                <line number="55" hits="0" branch="false"/>
                                <line number="65" hits="0" branch="false"/>
                                <line number="66" hits="0" branch="true"/>
                                <line number="60" hits="0" branch="false"/>
                                <line number="59" hits="0" branch="false"/>
                                <line number="70" hits="0" branch="false"/>
                                <line number="69" hits="0" branch="true"/>
                                <line number="53" hits="0" branch="false"/>
                                <line number="56" hits="0" branch="false"/>
                                <line number="70" hits="0" branch="true"/>
                                <line number="59" hits="0" branch="false"/>
                                <line number="52" hits="0" branch="false"/>
                                <line number="56" hits="0" branch="false"/>
                                <line number="52" hits="0" branch="false"/>
                                <line number="58" hits="0" branch="true"/>
                                <line number="57" hits="0" branch="true"/>
                                <line number="57" hits="0" branch="false"/>
                                <line number="58" hits="0" branch="false"/>
                                <line number="61" hits="0" branch="false"/>
                                <line number="68" hits="0" branch="false"/>
                                <line number="52" hits="0" branch="false"/>
                                <line number="55" hits="0" branch="false"/>
                                <line number="48" hits="0" branch="false"/>
                                <line number="48" hits="0" branch="false"/>
                                <line number="58" hits="0" branch="false"/>
                                <line number="55" hits="0" branch="false"/>
                                <line number="65" hits="0" branch="false"/>
                                <line number="59" hits="0" branch="true"/>
                                <line number="47" hits="0" branch="false"/>
                                <line number="63" hits="0" branch="false"/>
                                <line number="56" hits="0" branch="true"/>
                                <line number="62" hits="0" branch="false"/>
                                <line number="58" hits="0" branch="false"/>
                                <line number="53" hits="0" branch="false"/>
                                <line number="54" hits="0" branch="false"/>
                                <line number="59" hits="0" branch="false"/>
                                <line number="56" hits="0" branch="false"/>
                                <line number="48" hits="0" branch="false"/>
                                <line number="50" hits="0" branch="false"/>
                                <line number="66" hits="0" branch="true"/>
                                <line number="54" hits="0" branch="false"/>
                                <line number="55" hits="0" branch="false"/>
                                <line number="53" hits="0" branch="false"/>
                                <line number="52" hits="0" branch="false"/>
                                <line number="58" hits="0" branch="false"/>
                                <line number="62" hits="0" branch="false"/>
                                <line number="62" hits="0" branch="false"/>
                                <line number="63" hits="0" branch="false"/>
                                <line number="51" hits="0" branch="false"/>
                                <line number="45" hits="0" branch="false"/>
                                <line number="60" hits="0" branch="false"/>
                                <line number="68" hits="0" branch="false"/>
                                <line number="54" hits="0" branch="false"/>
                                <line number="61" hits="0" branch="false"/>
                                <line number="60" hits="0" branch="false"/>
                                <line number="55" hits="0" branch="true"/>
                                <line number="62" hits="0" branch="true"/>
                                <line number="52" hits="0" branch="true"/>
                                <line number="63" hits="0" branch="true"/>
                                <line number="57" hits="0" branch="false"/>
                                <line number="67" hits="0" branch="true"/>
                                <line number="53" hits="0" branch="true"/>
                                <line number="55" hits="0" branch="false"/>
                                <line number="65" hits="0" branch="false"/>
                                <line number="61" hits="0" branch="false"/>
                                <line number="63" hits="0" branch="false"/>
                                <line number="54" hits="0" branch="false"/>
                                <line number="46" hits="0" branch="false"/>
                                <line number="62" hits="0" branch="false"/>
                                <line number="69" hits="0" branch="true"/>
                                <line number="61" hits="0" branch="false"/>
                                <line number="57" hits="0" branch="false"/>
                                <line number="54" hits="0" branch="false"/>
                                <line number="56" hits="0" branch="false"/>
                                <line number="57" hits="0" branch="false"/>
                                <line number="54" hits="0" branch="false"/>
                                <line number="48" hits="0" branch="false"/>
                                <line number="59" hits="0" branch="false"/>
                                <line number="68" hits="0" branch="false"/>
                                <line number="53" hits="0" branch="false"/>
                                <line number="68" hits="0" branch="false"/>
                                <line number="62" hits="0" branch="false"/>
                                <line number="46" hits="0" branch="true"/>
                                <line number="61" hits="0" branch="false"/>
                                <line number="60" hits="0" branch="true"/>
                                <line number="50" hits="0" branch="false"/>
                                <line number="48" hits="0" branch="true"/>
                                <line number="48" hits="0" branch="false"/>
                                <line number="60" hits="0" branch="false"/>
                                <line number="69" hits="0" branch="false"/>
                                <line number="58" hits="0" branch="false"/>
                                <line number="66" hits="0" branch="false"/>
                                <line number="69" hits="0" branch="false"/>
                            </lines>
</method>
                    </methods>
                    <lines>
                        <line number="47" hits="0" branch="true"/>
                        <line number="54" hits="0" branch="true"/>
                        <line number="82" hits="0" branch="false"/>
                        <line number="85" hits="0" branch="false"/>
                        <line number="92" hits="0" branch="false"/>
                        <line number="85" hits="0" branch="true"/>
                        <line number="55" hits="0" branch="false"/>
                        <line number="66" hits="0" branch="false"/>
                        <line number="82" hits="0" branch="false"/>
                        <line number="59" hits="0" branch="false"/>
                        <line number="41" hits="0" branch="false"/>
                        <line number="79" hits="0" branch="true"/>
                        <line number="62" hits="0" branch="false"/>
                        <line number="49" hits="0" branch="true"/>
                        <line number="93" hits="0" branch="false"/>
                        <line number="79" hits="0" branch="false"/>
                        <line number="81" hits="0" branch="false"/>
                        <line number="28" hits="0" branch="false"/>
                        <line number="64" hits="0" branch="true"/>
                        <line number="78" hits="0" branch="false"/>
                        <line number="60" hits="0" branch="false"/>
                        <line number="65" hits="0" branch="false"/>
                        <line number="53" hits="0" branch="false"/>
                        <line number="61" hits="0" branch="true"/>
                        <line number="66" hits="0" branch="false"/>
                        <line number="91" hits="0" branch="true"/>
                        <line number="52" hits="0" branch="false"/>
                        <line number="69" hits="0" branch="false"/>
                        <line number="48" hits="0" branch="false"/>
                        <line number="77" hits="0" branch="true"/>
                        <line number="53" hits="0" branch="false"/>
                        <line number="88" hits="0" branch="false"/>
                        <line number="86" hits="0" branch="false"/>
                        <line number="52" hits="0" branch="false"/>
                        <line number="37" hits="0" branch="false"/>
                        <line number="55" hits="0" branch="false"/>
                        <line number="78" hits="0" branch="false"/>
                        <line number="34" hits="0" branch="false"/>
                        <line number="65" hits="0" branch="false"/>
                        <line number="66" hits="0" branch="true"/>
                        <line number="60" hits="0" branch="false"/>
                        <line number="83" hits="0" branch="true"/>
                        <line number="87" hits="0" branch="false"/>
                        <line number="59" hits="0" branch="false"/>
                        <line number="70" hits="0" branch="false"/>
                        <line number="93" hits="0" branch="false"/>
                        <line number="81" hits="0" branch="true"/>
                        <line number="38" hits="0" branch="false"/>
                        <line number="76" hits="0" branch="false"/>
                        <line number="92" hits="0" branch="false"/>
                        <line number="92" hits="0" branch="true"/>
                        <line number="84" hits="0" branch="false"/>
                        <line number="69" hits="0" branch="true"/>
                        <line number="53" hits="0" branch="false"/>
                        <line number="56" hits="0" branch="false"/>
                        <line number="70" hits="0" branch="true"/>
                        <line number="77" hits="0" branch="true"/>
                        <line number="85" hits="0" branch="false"/>
                        <line number="83" hits="0" branch="false"/>
                        <line number="88" hits="0" branch="false"/>
                        <line number="59" hits="0" branch="false"/>
                        <line number="86" hits="0" branch="false"/>
                        <line number="37" hits="0" branch="false"/>
                        <line number="52" hits="0" branch="false"/>
                        <line number="56" hits="0" branch="false"/>
                        <line number="52" hits="0" branch="false"/>
                        <line number="97" hits="0" branch="true"/>
                        <line number="58" hits="0" branch="true"/>
                        <line number="37" hits="0" branch="false"/>
                        <line number="34" hits="0" branch="false"/>
                        <line number="91" hits="0" branch="true"/>
                        <line number="57" hits="0" branch="true"/>
                        <line number="103" hits="0" branch="false"/>
                        <line number="57" hits="0" branch="false"/>
                        <line number="58" hits="0" branch="false"/>
                        <line number="61" hits="0" branch="false"/>
                        <line number="68" hits="0" branch="false"/>
                        <line number="52" hits="0" branch="false"/>
                        <line number="86" hits="0" branch="true"/>
                        <line number="55" hits="0" branch="false"/>
                        <line number="78" hits="0" branch="false"/>
                        <line number="48" hits="0" branch="false"/>
                        <line number="48" hits="0" branch="false"/>
                        <line number="58" hits="0" branch="false"/>
                        <line number="37" hits="0" branch="false"/>
                        <line number="82" hits="0" branch="false"/>
                        <line number="91" hits="0" branch="false"/>
                        <line number="55" hits="0" branch="false"/>
                        <line number="94" hits="0" branch="false"/>
                        <line number="65" hits="0" branch="false"/>
                        <line number="59" hits="0" branch="true"/>
                        <line number="37" hits="0" branch="true"/>
                        <line number="40" hits="0" branch="false"/>
                        <line number="85" hits="0" branch="true"/>
                        <line number="38" hits="0" branch="false"/>
                        <line number="47" hits="0" branch="false"/>
                        <line number="78" hits="0" branch="false"/>
                        <line number="63" hits="0" branch="false"/>
                        <line number="56" hits="0" branch="true"/>
                        <line number="62" hits="0" branch="false"/>
                        <line number="58" hits="0" branch="false"/>
                        <line number="78" hits="0" branch="false"/>
                        <line number="82" hits="0" branch="false"/>
                        <line number="53" hits="0" branch="false"/>
                        <line number="54" hits="0" branch="false"/>
                        <line number="59" hits="0" branch="false"/>
                        <line number="35" hits="0" branch="false"/>
                        <line number="56" hits="0" branch="false"/>
                        <line number="48" hits="0" branch="false"/>
                        <line number="36" hits="0" branch="false"/>
                        <line number="91" hits="0" branch="false"/>
                        <line number="50" hits="0" branch="false"/>
                        <line number="38" hits="0" branch="false"/>
                        <line number="66" hits="0" branch="true"/>
                        <line number="85" hits="0" branch="false"/>
                        <line number="54" hits="0" branch="false"/>
                        <line number="34" hits="0" branch="false"/>
                        <line number="93" hits="0" branch="false"/>
                        <line number="77" hits="0" branch="false"/>
                        <line number="55" hits="0" branch="false"/>
                        <line number="53" hits="0" branch="false"/>
                        <line number="90" hits="0" branch="false"/>
                        <line number="52" hits="0" branch="false"/>
                        <line number="40" hits="0" branch="false"/>
                        <line number="58" hits="0" branch="false"/>
                        <line number="62" hits="0" branch="false"/>
                        <line number="35" hits="0" branch="false"/>
                        <line number="36" hits="0" branch="false"/>
                        <line number="62" hits="0" branch="false"/>
                        <line number="34" hits="0" branch="true"/>
                        <line number="38" hits="0" branch="true"/>
                        <line number="63" hits="0" branch="false"/>
                        <line number="51" hits="0" branch="false"/>
                        <line number="45" hits="0" branch="false"/>
                        <line number="60" hits="0" branch="false"/>
                        <line number="68" hits="0" branch="false"/>
                        <line number="35" hits="0" branch="false"/>
                        <line number="54" hits="0" branch="false"/>
                        <line number="61" hits="0" branch="false"/>
                        <line number="94" hits="0" branch="false"/>
                        <line number="60" hits="0" branch="false"/>
                        <line number="39" hits="0" branch="false"/>
                        <line number="35" hits="0" branch="false"/>
                        <line number="55" hits="0" branch="true"/>
                        <line number="62" hits="0" branch="true"/>
                        <line number="52" hits="0" branch="true"/>
                        <line number="63" hits="0" branch="true"/>
                        <line number="57" hits="0" branch="false"/>
                        <line number="67" hits="0" branch="true"/>
                        <line number="39" hits="0" branch="false"/>
                        <line number="31" hits="0" branch="false"/>
                        <line number="82" hits="0" branch="false"/>
                        <line number="53" hits="0" branch="true"/>
                        <line number="86" hits="0" branch="true"/>
                        <line number="55" hits="0" branch="false"/>
                        <line number="65" hits="0" branch="false"/>
                        <line number="75" hits="0" branch="true"/>
                        <line number="38" hits="0" branch="false"/>
                        <line number="36" hits="0" branch="true"/>
                        <line number="89" hits="0" branch="true"/>
                        <line number="40" hits="0" branch="false"/>
                        <line number="35" hits="0" branch="true"/>
                        <line number="61" hits="0" branch="false"/>
                        <line number="63" hits="0" branch="false"/>
                        <line number="54" hits="0" branch="false"/>
                        <line number="46" hits="0" branch="false"/>
                        <line number="62" hits="0" branch="false"/>
                        <line number="69" hits="0" branch="true"/>
                        <line number="61" hits="0" branch="false"/>
                        <line number="57" hits="0" branch="false"/>
                        <line number="41" hits="0" branch="true"/>
                        <line number="82" hits="0" branch="false"/>
                        <line number="91" hits="0" branch="false"/>
                        <line number="54" hits="0" branch="false"/>
                        <line number="56" hits="0" branch="false"/>
                        <line number="96" hits="0" branch="true"/>
                        <line number="39" hits="0" branch="true"/>
                        <line number="57" hits="0" branch="false"/>
                        <line number="75" hits="0" branch="false"/>
                        <line number="87" hits="0" branch="false"/>
                        <line number="87" hits="0" branch="false"/>
                        <line number="54" hits="0" branch="false"/>
                        <line number="48" hits="0" branch="false"/>
                        <line number="82" hits="0" branch="false"/>
                        <line number="97" hits="0" branch="false"/>
                        <line number="40" hits="0" branch="true"/>
                        <line number="59" hits="0" branch="false"/>
                        <line number="68" hits="0" branch="false"/>
                        <line number="40" hits="0" branch="false"/>
                        <line number="36" hits="0" branch="false"/>
                        <line number="53" hits="0" branch="false"/>
                        <line number="86" hits="0" branch="false"/>
                        <line number="68" hits="0" branch="false"/>
                        <line number="62" hits="0" branch="false"/>
                        <line number="92" hits="0" branch="true"/>
                        <line number="46" hits="0" branch="true"/>
                        <line number="81" hits="0" branch="false"/>
                        <line number="81" hits="0" branch="false"/>
                        <line number="39" hits="0" branch="false"/>
                        <line number="36" hits="0" branch="false"/>
                        <line number="78" hits="0" branch="false"/>
                        <line number="61" hits="0" branch="false"/>
                        <line number="60" hits="0" branch="true"/>
                        <line number="78" hits="0" branch="false"/>
                        <line number="92" hits="0" branch="false"/>
                        <line number="50" hits="0" branch="false"/>
                        <line number="81" hits="0" branch="true"/>
                        <line number="39" hits="0" branch="false"/>
                        <line number="48" hits="0" branch="true"/>
                        <line number="96" hits="0" branch="false"/>
                        <line number="80" hits="0" branch="false"/>
                        <line number="77" hits="0" branch="false"/>
                        <line number="34" hits="0" branch="false"/>
                        <line number="48" hits="0" branch="false"/>
                        <line number="60" hits="0" branch="false"/>
                        <line number="69" hits="0" branch="false"/>
                        <line number="58" hits="0" branch="false"/>
                        <line number="66" hits="0" branch="false"/>
                        <line number="77" hits="0" branch="false"/>
                        <line number="89" hits="0" branch="false"/>
                        <line number="69" hits="0" branch="false"/>
                        <line number="35" hits="0" branch="false"/>
                        <line number="42" hits="0" branch="true"/>
                    </lines>
</class>
                <class 
                name="com.clickhouse.spark.ClickHouseCatalog" filename="com/clickhouse/spark/ClickHouseCatalog.scala" line-rate="0.00" branch-rate="0.00" complexity="0">
                    <methods>
                        <method 
                        name="com.clickhouse.spark/ClickHouseCatalog/loadFunction" signature="()V" line-rate="0.00" branch-rate="0.00" complexity="0">
                            <lines>
                                <line number="373" hits="0" branch="false"/>
                                <line number="373" hits="0" branch="false"/>
                                <line number="373" hits="0" branch="false"/>
                            </lines>
</method>
                        <method 
                        name="com.clickhouse.spark/ClickHouseCatalog/dropTable" signature="()V" line-rate="0.00" branch-rate="0.00" complexity="0">
                            <lines>
                                <line number="299" hits="0" branch="true"/>
                                <line number="296" hits="0" branch="false"/>
                                <line number="303" hits="0" branch="false"/>
                                <line number="299" hits="0" branch="false"/>
                                <line number="294" hits="0" branch="false"/>
                                <line number="300" hits="0" branch="true"/>
                                <line number="306" hits="0" branch="false"/>
                                <line number="303" hits="0" branch="false"/>
                                <line number="301" hits="0" branch="false"/>
                                <line number="302" hits="0" branch="false"/>
                                <line number="306" hits="0" branch="false"/>
                                <line number="296" hits="0" branch="true"/>
                                <line number="303" hits="0" branch="true"/>
                                <line number="294" hits="0" branch="true"/>
                                <line number="306" hits="0" branch="false"/>
                                <line number="294" hits="0" branch="false"/>
                                <line number="306" hits="0" branch="false"/>
                                <line number="303" hits="0" branch="true"/>
[...]
                        <line number="88" hits="0" branch="false"/>
                        <line number="97" hits="0" branch="false"/>
                        <line number="99" hits="0" branch="false"/>
                        <line number="97" hits="0" branch="false"/>
                        <line number="79" hits="0" branch="true"/>
                        <line number="33" hits="0" branch="false"/>
                        <line number="60" hits="0" branch="true"/>
                        <line number="115" hits="0" branch="false"/>
                        <line number="47" hits="0" branch="false"/>
                        <line number="36" hits="0" branch="false"/>
                        <line number="98" hits="0" branch="false"/>
                        <line number="54" hits="0" branch="true"/>
                        <line number="83" hits="0" branch="true"/>
                        <line number="97" hits="0" branch="true"/>
                        <line number="67" hits="0" branch="false"/>
                        <line number="81" hits="0" branch="true"/>
                        <line number="89" hits="0" branch="false"/>
                        <line number="111" hits="0" branch="true"/>
                        <line number="55" hits="0" branch="false"/>
                        <line number="96" hits="0" branch="false"/>
                        <line number="45" hits="0" branch="false"/>
                        <line number="45" hits="0" branch="true"/>
                        <line number="101" hits="0" branch="true"/>
                        <line number="59" hits="0" branch="false"/>
                        <line number="36" hits="0" branch="false"/>
                        <line number="96" hits="0" branch="false"/>
                        <line number="68" hits="0" branch="false"/>
                        <line number="109" hits="0" branch="true"/>
                        <line number="33" hits="0" branch="false"/>
                        <line number="66" hits="0" branch="true"/>
                        <line number="101" hits="0" branch="false"/>
                        <line number="43" hits="0" branch="false"/>
                        <line number="110" hits="0" branch="false"/>
                        <line number="60" hits="0" branch="false"/>
                        <line number="112" hits="0" branch="false"/>
                        <line number="85" hits="0" branch="false"/>
                        <line number="46" hits="0" branch="true"/>
                        <line number="65" hits="0" branch="false"/>
                        <line number="67" hits="0" branch="false"/>
                        <line number="44" hits="0" branch="true"/>
                        <line number="67" hits="0" branch="false"/>
                        <line number="36" hits="0" branch="false"/>
                        <line number="79" hits="0" branch="false"/>
                        <line number="95" hits="0" branch="false"/>
                        <line number="99" hits="0" branch="false"/>
                        <line number="80" hits="0" branch="false"/>
                        <line number="99" hits="0" branch="false"/>
                        <line number="46" hits="0" branch="false"/>
                        <line number="100" hits="0" branch="true"/>
                        <line number="53" hits="0" branch="true"/>
                        <line number="80" hits="0" branch="true"/>
                        <line number="53" hits="0" branch="false"/>
                        <line number="116" hits="0" branch="true"/>
                        <line number="114" hits="0" branch="false"/>
                        <line number="99" hits="0" branch="true"/>
                        <line number="96" hits="0" branch="false"/>
                        <line number="111" hits="0" branch="false"/>
                        <line number="90" hits="0" branch="false"/>
                        <line number="81" hits="0" branch="false"/>
                        <line number="109" hits="0" branch="false"/>
                        <line number="116" hits="0" branch="false"/>
                        <line number="115" hits="0" branch="false"/>
                        <line number="47" hits="0" branch="false"/>
                        <line number="95" hits="0" branch="true"/>
                        <line number="111" hits="0" branch="false"/>
                        <line number="66" hits="0" branch="false"/>
                        <line number="112" hits="0" branch="false"/>
                        <line number="112" hits="0" branch="false"/>
                        <line number="97" hits="0" branch="false"/>
                        <line number="55" hits="0" branch="false"/>
                        <line number="85" hits="0" branch="true"/>
                        <line number="99" hits="0" branch="false"/>
                        <line number="46" hits="0" branch="true"/>
                        <line number="95" hits="0" branch="false"/>
                        <line number="59" hits="0" branch="false"/>
                        <line number="94" hits="0" branch="false"/>
                        <line number="82" hits="0" branch="false"/>
                        <line number="46" hits="0" branch="false"/>
                        <line number="94" hits="0" branch="false"/>
                        <line number="88" hits="0" branch="true"/>
                        <line number="45" hits="0" branch="false"/>
                        <line number="36" hits="0" branch="false"/>
                        <line number="43" hits="0" branch="false"/>
                        <line number="89" hits="0" branch="true"/>
                        <line number="113" hits="0" branch="false"/>
                        <line number="117" hits="0" branch="true"/>
                        <line number="84" hits="0" branch="false"/>
                        <line number="94" hits="0" branch="true"/>
                        <line number="111" hits="0" branch="false"/>
                        <line number="95" hits="0" branch="false"/>
                        <line number="45" hits="0" branch="true"/>
                        <line number="116" hits="0" branch="false"/>
                        <line number="48" hits="0" branch="false"/>
                        <line number="117" hits="0" branch="false"/>
                        <line number="97" hits="0" branch="false"/>
                        <line number="44" hits="0" branch="false"/>
                        <line number="33" hits="0" branch="false"/>
                        <line number="110" hits="0" branch="false"/>
                        <line number="67" hits="0" branch="true"/>
                        <line number="118" hits="0" branch="true"/>
                        <line number="110" hits="0" branch="false"/>
                        <line number="116" hits="0" branch="false"/>
                        <line number="43" hits="0" branch="false"/>
                        <line number="99" hits="0" branch="false"/>
                        <line number="96" hits="0" branch="true"/>
                        <line number="84" hits="0" branch="true"/>
                        <line number="112" hits="0" branch="true"/>
                        <line number="96" hits="0" branch="false"/>
                        <line number="65" hits="0" branch="false"/>
                        <line number="94" hits="0" branch="false"/>
                        <line number="82" hits="0" branch="true"/>
                    </lines>
</class>
                <class 
                name="org.apache.spark.sql.clickhouse.ClickHouseSQLConf" filename="org/apache/spark/sql/clickhouse/ClickHouseSQLConf.scala" line-rate="0.98" branch-rate="1.00" complexity="0">
                    <methods>
                        <method 
                        name="org.apache.spark.sql.clickhouse/ClickHouseSQLConf/&lt;none&gt;" signature="()V" line-rate="0.98" branch-rate="1.00" complexity="0">
                            <lines>
                                <line number="58" hits="1" branch="false"/>
                                <line number="131" hits="1" branch="false"/>
                                <line number="219" hits="1" branch="false"/>
                                <line number="218" hits="0" branch="false"/>
                                <line number="216" hits="1" branch="false"/>
                                <line number="131" hits="1" branch="false"/>
                                <line number="132" hits="1" branch="false"/>
                                <line number="203" hits="1" branch="false"/>
                                <line number="133" hits="1" branch="false"/>
                                <line number="174" hits="1" branch="false"/>
                                <line number="58" hits="1" branch="false"/>
                                <line number="58" hits="1" branch="false"/>
                                <line number="159" hits="1" branch="false"/>
                                <line number="134" hits="1" branch="false"/>
                                <line number="118" hits="1" branch="false"/>
                                <line number="35" hits="1" branch="false"/>
                                <line number="152" hits="1" branch="false"/>
                                <line number="166" hits="1" branch="false"/>
                                <line number="54" hits="1" branch="false"/>
                                <line number="110" hits="1" branch="false"/>
                                <line number="215" hits="1" branch="false"/>
                                <line number="132" hits="1" branch="false"/>
                                <line number="55" hits="1" branch="false"/>
                                <line number="75" hits="1" branch="false"/>
                                <line number="43" hits="1" branch="false"/>
                                <line number="102" hits="1" branch="false"/>
                                <line number="134" hits="1" branch="false"/>
                                <line number="214" hits="1" branch="false"/>
                                <line number="50" hits="1" branch="false"/>
                                <line number="130" hits="1" branch="false"/>
                                <line number="58" hits="1" branch="false"/>
                                <line number="181" hits="1" branch="false"/>
                                <line number="93" hits="1" branch="false"/>
                                <line number="53" hits="1" branch="false"/>
                                <line number="59" hits="1" branch="false"/>
                                <line number="86" hits="1" branch="false"/>
                                <line number="141" hits="1" branch="false"/>
                                <line number="67" hits="1" branch="false"/>
                                <line number="211" hits="1" branch="false"/>
                                <line number="193" hits="1" branch="false"/>
                                <line number="59" hits="1" branch="false"/>
                                <line number="127" hits="1" branch="false"/>
                                <line number="132" hits="1" branch="false"/>
                                <line number="132" hits="1" branch="false"/>
                            </lines>
</method>
                    </methods>
                    <lines>
                        <line number="58" hits="1" branch="false"/>
                        <line number="131" hits="1" branch="false"/>
                        <line number="219" hits="1" branch="false"/>
                        <line number="218" hits="0" branch="false"/>
                        <line number="216" hits="1" branch="false"/>
                        <line number="131" hits="1" branch="false"/>
                        <line number="132" hits="1" branch="false"/>
                        <line number="203" hits="1" branch="false"/>
                        <line number="133" hits="1" branch="false"/>
                        <line number="174" hits="1" branch="false"/>
                        <line number="58" hits="1" branch="false"/>
                        <line number="58" hits="1" branch="false"/>
                        <line number="159" hits="1" branch="false"/>
                        <line number="134" hits="1" branch="false"/>
                        <line number="118" hits="1" branch="false"/>
                        <line number="35" hits="1" branch="false"/>
                        <line number="152" hits="1" branch="false"/>
                        <line number="166" hits="1" branch="false"/>
                        <line number="54" hits="1" branch="false"/>
                        <line number="110" hits="1" branch="false"/>
                        <line number="215" hits="1" branch="false"/>
                        <line number="132" hits="1" branch="false"/>
                        <line number="55" hits="1" branch="false"/>
                        <line number="75" hits="1" branch="false"/>
                        <line number="43" hits="1" branch="false"/>
                        <line number="102" hits="1" branch="false"/>
                        <line number="134" hits="1" branch="false"/>
                        <line number="214" hits="1" branch="false"/>
                        <line number="50" hits="1" branch="false"/>
                        <line number="130" hits="1" branch="false"/>
                        <line number="58" hits="1" branch="false"/>
                        <line number="181" hits="1" branch="false"/>
                        <line number="93" hits="1" branch="false"/>
                        <line number="53" hits="1" branch="false"/>
                        <line number="59" hits="1" branch="false"/>
                        <line number="86" hits="1" branch="false"/>
                        <line number="141" hits="1" branch="false"/>
                        <line number="67" hits="1" branch="false"/>
                        <line number="211" hits="1" branch="false"/>
                        <line number="193" hits="1" branch="false"/>
                        <line number="59" hits="1" branch="false"/>
                        <line number="127" hits="1" branch="false"/>
                        <line number="132" hits="1" branch="false"/>
                        <line number="132" hits="1" branch="false"/>
                    </lines>
</class>
                <class 
                name="org.apache.spark.sql.clickhouse.ReadOptions" filename="org/apache/spark/sql/clickhouse/SparkOptions.scala" line-rate="0.00" branch-rate="0.00" complexity="0">
                    <methods>
                        <method 
                        name="org.apache.spark.sql.clickhouse/ReadOptions/convertDistributedToLocal" signature="()V" line-rate="0.00" branch-rate="0.00" complexity="0">
                            <lines>
                                <line number="41" hits="0" branch="false"/>
                                <line number="41" hits="0" branch="false"/>
                                <line number="41" hits="0" branch="false"/>
                            </lines>
</method>
                        <method 
                        name="org.apache.spark.sql.clickhouse/ReadOptions/useClusterNodesForDistributed" signature="()V" line-rate="0.00" branch-rate="0.00" complexity="0">
                            <lines>
                                <line number="38" hits="0" branch="false"/>
                                <line number="38" hits="0" branch="false"/>
                                <line number="38" hits="0" branch="false"/>
                            </lines>
</method>
                        <method 
                        name="org.apache.spark.sql.clickhouse/ReadOptions/splitByPartitionId" signature="()V" line-rate="0.00" branch-rate="0.00" complexity="0">
                            <lines>
                                <line number="44" hits="0" branch="false"/>
                                <line number="44" hits="0" branch="false"/>
                                <line number="44" hits="0" branch="false"/>
                            </lines>
</method>
                        <method 
                        name="org.apache.spark.sql.clickhouse/ReadOptions/compressionCodec" signature="()V" line-rate="0.00" branch-rate="0.00" complexity="0">
                            <lines>
                                <line number="47" hits="0" branch="false"/>
                                <line number="47" hits="0" branch="false"/>
                                <line number="47" hits="0" branch="false"/>
                                <line number="47" hits="0" branch="false"/>
                            </lines>
</method>
                        <method 
                        name="org.apache.spark.sql.clickhouse/ReadOptions/options" signature="()V" line-rate="0.00" branch-rate="0.00" complexity="0">
                            <lines>
                                <line number="35" hits="0" branch="false"/>
                                <line number="35" hits="0" branch="false"/>
                            </lines>
</method>
                        <method 
                        name="org.apache.spark.sql.clickhouse/ReadOptions/format" signature="()V" line-rate="0.00" branch-rate="0.00" complexity="0">
                            <lines>
                                <line number="50" hits="0" branch="false"/>
                                <line number="50" hits="0" branch="false"/>
                                <line number="50" hits="0" branch="false"/>
                            </lines>
</method>
                        <method 
                        name="org.apache.spark.sql.clickhouse/ReadOptions/runtimeFilterEnabled" signature="()V" line-rate="0.00" branch-rate="0.00" complexity="0">
                            <lines>
                                <line number="53" hits="0" branch="false"/>
                                <line number="53" hits="0" branch="false"/>
                                <line number="53" hits="0" branch="false"/>
                            </lines>
</method>
                    </methods>
                    <lines>
                        <line number="38" hits="0" branch="false"/>
                        <line number="38" hits="0" branch="false"/>
                        <line number="50" hits="0" branch="false"/>
                        <line number="47" hits="0" branch="false"/>
                        <line number="50" hits="0" branch="false"/>
                        <line number="35" hits="0" branch="false"/>
                        <line number="53" hits="0" branch="false"/>
                        <line number="35" hits="0" branch="false"/>
                        <line number="44" hits="0" branch="false"/>
                        <line number="38" hits="0" branch="false"/>
                        <line number="50" hits="0" branch="false"/>
                        <line number="41" hits="0" branch="false"/>
                        <line number="44" hits="0" branch="false"/>
                        <line number="41" hits="0" branch="false"/>
                        <line number="53" hits="0" branch="false"/>
                        <line number="47" hits="0" branch="false"/>
                        <line number="47" hits="0" branch="false"/>
                        <line number="41" hits="0" branch="false"/>
                        <line number="47" hits="0" branch="false"/>
                        <line number="53" hits="0" branch="false"/>
                        <line number="44" hits="0" branch="false"/>
                    </lines>
</class>
            </classes>
        </package>
    </packages>
</coverage>
